"../../../../../../Users/Juan/Documents/Unreal Projects/PL_Game/Content/Shadowlightless/Sounds/sword.uasset" 0
"../../../../../../Users/Juan/Documents/Unreal Projects/PL_Game/Content/Shadowlightless/Sounds/sword_Cue.uasset" 1
"../../../../../../Users/Juan/Documents/Unreal Projects/PL_Game/Content/Shadowlightless/Sprites/Characters/Ninja/Dead__009.uasset" 2
"../../Plugins/2D/Paper2D/Content/PlaceholderTextures/DummySpriteTexture.uasset" 3
"../../Plugins/2D/Paper2D/Content/DefaultSpriteMaterial.uasset" 4
"../../Plugins/2D/Paper2D/Content/TranslucentUnlitSpriteMaterial.uasset" 5
"../../../../../../Users/Juan/Documents/Unreal Projects/PL_Game/Content/Shadowlightless/Sprites/Characters/Ninja/Dead__009_Sprite.uasset" 6
"../../../../../../Users/Juan/Documents/Unreal Projects/PL_Game/Content/Shadowlightless/FlipBooks/Characters/Ninja/DeadLoop.uasset" 7
"../../../../../../Users/Juan/Documents/Unreal Projects/PL_Game/Content/Shadowlightless/Sprites/Characters/Ninja/Throw__009.uasset" 8
"../../../../../../Users/Juan/Documents/Unreal Projects/PL_Game/Content/Shadowlightless/Sprites/Characters/Ninja/Throw__009_Sprite.uasset" 9
"../../../../../../Users/Juan/Documents/Unreal Projects/PL_Game/Content/Shadowlightless/Sprites/Characters/Ninja/Throw__008.uasset" 10
"../../../../../../Users/Juan/Documents/Unreal Projects/PL_Game/Content/Shadowlightless/Sprites/Characters/Ninja/Throw__008_Sprite.uasset" 11
"../../../../../../Users/Juan/Documents/Unreal Projects/PL_Game/Content/Shadowlightless/Sprites/Characters/Ninja/Throw__007.uasset" 12
"../../../../../../Users/Juan/Documents/Unreal Projects/PL_Game/Content/Shadowlightless/Sprites/Characters/Ninja/Throw__007_Sprite.uasset" 13
"../../../../../../Users/Juan/Documents/Unreal Projects/PL_Game/Content/Shadowlightless/Sprites/Characters/Ninja/Throw__006.uasset" 14
"../../../../../../Users/Juan/Documents/Unreal Projects/PL_Game/Content/Shadowlightless/Sprites/Characters/Ninja/Throw__006_Sprite.uasset" 15
"../../../../../../Users/Juan/Documents/Unreal Projects/PL_Game/Content/Shadowlightless/Sprites/Characters/Ninja/Throw__005.uasset" 16
"../../../../../../Users/Juan/Documents/Unreal Projects/PL_Game/Content/Shadowlightless/Sprites/Characters/Ninja/Throw__005_Sprite.uasset" 17
"../../../../../../Users/Juan/Documents/Unreal Projects/PL_Game/Content/Shadowlightless/Sprites/Characters/Ninja/Throw__004.uasset" 18
"../../../../../../Users/Juan/Documents/Unreal Projects/PL_Game/Content/Shadowlightless/Sprites/Characters/Ninja/Throw__004_Sprite.uasset" 19
"../../../../../../Users/Juan/Documents/Unreal Projects/PL_Game/Content/Shadowlightless/Sprites/Characters/Ninja/Throw__003.uasset" 20
"../../../../../../Users/Juan/Documents/Unreal Projects/PL_Game/Content/Shadowlightless/Sprites/Characters/Ninja/Throw__003_Sprite.uasset" 21
"../../../../../../Users/Juan/Documents/Unreal Projects/PL_Game/Content/Shadowlightless/Sprites/Characters/Ninja/Throw__002.uasset" 22
"../../../../../../Users/Juan/Documents/Unreal Projects/PL_Game/Content/Shadowlightless/Sprites/Characters/Ninja/Throw__002_Sprite.uasset" 23
"../../../../../../Users/Juan/Documents/Unreal Projects/PL_Game/Content/Shadowlightless/Sprites/Characters/Ninja/Throw__001.uasset" 24
"../../../../../../Users/Juan/Documents/Unreal Projects/PL_Game/Content/Shadowlightless/Sprites/Characters/Ninja/Throw__001_Sprite.uasset" 25
"../../../../../../Users/Juan/Documents/Unreal Projects/PL_Game/Content/Shadowlightless/Sprites/Characters/Ninja/Throw__000.uasset" 26
"../../../../../../Users/Juan/Documents/Unreal Projects/PL_Game/Content/Shadowlightless/Sprites/Characters/Ninja/Throw__000_Sprite.uasset" 27
"../../../../../../Users/Juan/Documents/Unreal Projects/PL_Game/Content/Shadowlightless/FlipBooks/Characters/Ninja/A_Throw.uasset" 28
"../../../../../../Users/Juan/Documents/Unreal Projects/PL_Game/Content/Shadowlightless/Sprites/Characters/Ninja/Run__009.uasset" 29
"../../../../../../Users/Juan/Documents/Unreal Projects/PL_Game/Content/Shadowlightless/Sprites/Characters/Ninja/Run__009_Sprite.uasset" 30
"../../../../../../Users/Juan/Documents/Unreal Projects/PL_Game/Content/Shadowlightless/Sprites/Characters/Ninja/Run__008.uasset" 31
"../../../../../../Users/Juan/Documents/Unreal Projects/PL_Game/Content/Shadowlightless/Sprites/Characters/Ninja/Run__008_Sprite.uasset" 32
"../../../../../../Users/Juan/Documents/Unreal Projects/PL_Game/Content/Shadowlightless/Sprites/Characters/Ninja/Run__007.uasset" 33
"../../../../../../Users/Juan/Documents/Unreal Projects/PL_Game/Content/Shadowlightless/Sprites/Characters/Ninja/Run__007_Sprite.uasset" 34
"../../../../../../Users/Juan/Documents/Unreal Projects/PL_Game/Content/Shadowlightless/Sprites/Characters/Ninja/Run__006.uasset" 35
"../../../../../../Users/Juan/Documents/Unreal Projects/PL_Game/Content/Shadowlightless/Sprites/Characters/Ninja/Run__006_Sprite.uasset" 36
"../../../../../../Users/Juan/Documents/Unreal Projects/PL_Game/Content/Shadowlightless/Sprites/Characters/Ninja/Run__005.uasset" 37
"../../../../../../Users/Juan/Documents/Unreal Projects/PL_Game/Content/Shadowlightless/Sprites/Characters/Ninja/Run__005_Sprite.uasset" 38
"../../../../../../Users/Juan/Documents/Unreal Projects/PL_Game/Content/Shadowlightless/Sprites/Characters/Ninja/Run__004.uasset" 39
"../../../../../../Users/Juan/Documents/Unreal Projects/PL_Game/Content/Shadowlightless/Sprites/Characters/Ninja/Run__004_Sprite.uasset" 40
"../../../../../../Users/Juan/Documents/Unreal Projects/PL_Game/Content/Shadowlightless/Sprites/Characters/Ninja/Run__003.uasset" 41
"../../../../../../Users/Juan/Documents/Unreal Projects/PL_Game/Content/Shadowlightless/Sprites/Characters/Ninja/Run__003_Sprite.uasset" 42
"../../../../../../Users/Juan/Documents/Unreal Projects/PL_Game/Content/Shadowlightless/Sprites/Characters/Ninja/Run__002.uasset" 43
"../../../../../../Users/Juan/Documents/Unreal Projects/PL_Game/Content/Shadowlightless/Sprites/Characters/Ninja/Run__002_Sprite.uasset" 44
"../../../../../../Users/Juan/Documents/Unreal Projects/PL_Game/Content/Shadowlightless/Sprites/Characters/Ninja/Run__001.uasset" 45
"../../../../../../Users/Juan/Documents/Unreal Projects/PL_Game/Content/Shadowlightless/Sprites/Characters/Ninja/Run__001_Sprite.uasset" 46
"../../../../../../Users/Juan/Documents/Unreal Projects/PL_Game/Content/Shadowlightless/Sprites/Characters/Ninja/Run__000.uasset" 47
"../../../../../../Users/Juan/Documents/Unreal Projects/PL_Game/Content/Shadowlightless/Sprites/Characters/Ninja/Run__000_Sprite.uasset" 48
"../../../../../../Users/Juan/Documents/Unreal Projects/PL_Game/Content/Shadowlightless/FlipBooks/Characters/Ninja/A_Run.uasset" 49
"../../../../../../Users/Juan/Documents/Unreal Projects/PL_Game/Content/Shadowlightless/Sprites/Characters/Ninja/Jump__009.uasset" 50
"../../../../../../Users/Juan/Documents/Unreal Projects/PL_Game/Content/Shadowlightless/Sprites/Characters/Ninja/Jump__009_Sprite.uasset" 51
"../../../../../../Users/Juan/Documents/Unreal Projects/PL_Game/Content/Shadowlightless/FlipBooks/Characters/Ninja/A_JumpLoop.uasset" 52
"../../../../../../Users/Juan/Documents/Unreal Projects/PL_Game/Content/Shadowlightless/Sprites/Characters/Ninja/Jump_Throw__009.uasset" 53
"../../../../../../Users/Juan/Documents/Unreal Projects/PL_Game/Content/Shadowlightless/Sprites/Characters/Ninja/Jump_Throw__009_Sprite.uasset" 54
"../../../../../../Users/Juan/Documents/Unreal Projects/PL_Game/Content/Shadowlightless/Sprites/Characters/Ninja/Jump_Throw__008.uasset" 55
"../../../../../../Users/Juan/Documents/Unreal Projects/PL_Game/Content/Shadowlightless/Sprites/Characters/Ninja/Jump_Throw__008_Sprite.uasset" 56
"../../../../../../Users/Juan/Documents/Unreal Projects/PL_Game/Content/Shadowlightless/Sprites/Characters/Ninja/Jump_Throw__007.uasset" 57
"../../../../../../Users/Juan/Documents/Unreal Projects/PL_Game/Content/Shadowlightless/Sprites/Characters/Ninja/Jump_Throw__007_Sprite.uasset" 58
"../../../../../../Users/Juan/Documents/Unreal Projects/PL_Game/Content/Shadowlightless/Sprites/Characters/Ninja/Jump_Throw__006.uasset" 59
"../../../../../../Users/Juan/Documents/Unreal Projects/PL_Game/Content/Shadowlightless/Sprites/Characters/Ninja/Jump_Throw__006_Sprite.uasset" 60
"../../../../../../Users/Juan/Documents/Unreal Projects/PL_Game/Content/Shadowlightless/Sprites/Characters/Ninja/Jump_Throw__005.uasset" 61
"../../../../../../Users/Juan/Documents/Unreal Projects/PL_Game/Content/Shadowlightless/Sprites/Characters/Ninja/Jump_Throw__005_Sprite.uasset" 62
"../../../../../../Users/Juan/Documents/Unreal Projects/PL_Game/Content/Shadowlightless/Sprites/Characters/Ninja/Jump_Throw__004.uasset" 63
"../../../../../../Users/Juan/Documents/Unreal Projects/PL_Game/Content/Shadowlightless/Sprites/Characters/Ninja/Jump_Throw__004_Sprite.uasset" 64
"../../../../../../Users/Juan/Documents/Unreal Projects/PL_Game/Content/Shadowlightless/Sprites/Characters/Ninja/Jump_Throw__003.uasset" 65
"../../../../../../Users/Juan/Documents/Unreal Projects/PL_Game/Content/Shadowlightless/Sprites/Characters/Ninja/Jump_Throw__003_Sprite.uasset" 66
"../../../../../../Users/Juan/Documents/Unreal Projects/PL_Game/Content/Shadowlightless/Sprites/Characters/Ninja/Jump_Throw__002.uasset" 67
"../../../../../../Users/Juan/Documents/Unreal Projects/PL_Game/Content/Shadowlightless/Sprites/Characters/Ninja/Jump_Throw__002_Sprite.uasset" 68
"../../../../../../Users/Juan/Documents/Unreal Projects/PL_Game/Content/Shadowlightless/Sprites/Characters/Ninja/Jump_Throw__001.uasset" 69
"../../../../../../Users/Juan/Documents/Unreal Projects/PL_Game/Content/Shadowlightless/Sprites/Characters/Ninja/Jump_Throw__001_Sprite.uasset" 70
"../../../../../../Users/Juan/Documents/Unreal Projects/PL_Game/Content/Shadowlightless/Sprites/Characters/Ninja/Jump_Throw__000.uasset" 71
"../../../../../../Users/Juan/Documents/Unreal Projects/PL_Game/Content/Shadowlightless/Sprites/Characters/Ninja/Jump_Throw__000_Sprite.uasset" 72
"../../../../../../Users/Juan/Documents/Unreal Projects/PL_Game/Content/Shadowlightless/FlipBooks/Characters/Ninja/A_Jump_Throw.uasset" 73
"../../../../../../Users/Juan/Documents/Unreal Projects/PL_Game/Content/Shadowlightless/Sprites/Characters/Ninja/Jump_Attack__009.uasset" 74
"../../../../../../Users/Juan/Documents/Unreal Projects/PL_Game/Content/Shadowlightless/Sprites/Characters/Ninja/Jump_Attack__009_Sprite.uasset" 75
"../../../../../../Users/Juan/Documents/Unreal Projects/PL_Game/Content/Shadowlightless/Sprites/Characters/Ninja/Jump_Attack__008.uasset" 76
"../../../../../../Users/Juan/Documents/Unreal Projects/PL_Game/Content/Shadowlightless/Sprites/Characters/Ninja/Jump_Attack__008_Sprite.uasset" 77
"../../../../../../Users/Juan/Documents/Unreal Projects/PL_Game/Content/Shadowlightless/Sprites/Characters/Ninja/Jump_Attack__007.uasset" 78
"../../../../../../Users/Juan/Documents/Unreal Projects/PL_Game/Content/Shadowlightless/Sprites/Characters/Ninja/Jump_Attack__007_Sprite.uasset" 79
"../../../../../../Users/Juan/Documents/Unreal Projects/PL_Game/Content/Shadowlightless/Sprites/Characters/Ninja/Jump_Attack__006.uasset" 80
"../../../../../../Users/Juan/Documents/Unreal Projects/PL_Game/Content/Shadowlightless/Sprites/Characters/Ninja/Jump_Attack__006_Sprite.uasset" 81
"../../../../../../Users/Juan/Documents/Unreal Projects/PL_Game/Content/Shadowlightless/Sprites/Characters/Ninja/Jump_Attack__005.uasset" 82
"../../../../../../Users/Juan/Documents/Unreal Projects/PL_Game/Content/Shadowlightless/Sprites/Characters/Ninja/Jump_Attack__005_Sprite.uasset" 83
"../../../../../../Users/Juan/Documents/Unreal Projects/PL_Game/Content/Shadowlightless/Sprites/Characters/Ninja/Jump_Attack__004.uasset" 84
"../../../../../../Users/Juan/Documents/Unreal Projects/PL_Game/Content/Shadowlightless/Sprites/Characters/Ninja/Jump_Attack__004_Sprite.uasset" 85
"../../../../../../Users/Juan/Documents/Unreal Projects/PL_Game/Content/Shadowlightless/Sprites/Characters/Ninja/Jump_Attack__003.uasset" 86
"../../../../../../Users/Juan/Documents/Unreal Projects/PL_Game/Content/Shadowlightless/Sprites/Characters/Ninja/Jump_Attack__003_Sprite.uasset" 87
"../../../../../../Users/Juan/Documents/Unreal Projects/PL_Game/Content/Shadowlightless/Sprites/Characters/Ninja/Jump_Attack__002.uasset" 88
"../../../../../../Users/Juan/Documents/Unreal Projects/PL_Game/Content/Shadowlightless/Sprites/Characters/Ninja/Jump_Attack__002_Sprite.uasset" 89
"../../../../../../Users/Juan/Documents/Unreal Projects/PL_Game/Content/Shadowlightless/Sprites/Characters/Ninja/Jump_Attack__001.uasset" 90
"../../../../../../Users/Juan/Documents/Unreal Projects/PL_Game/Content/Shadowlightless/Sprites/Characters/Ninja/Jump_Attack__001_Sprite.uasset" 91
"../../../../../../Users/Juan/Documents/Unreal Projects/PL_Game/Content/Shadowlightless/Sprites/Characters/Ninja/Jump_Attack__000.uasset" 92
"../../../../../../Users/Juan/Documents/Unreal Projects/PL_Game/Content/Shadowlightless/Sprites/Characters/Ninja/Jump_Attack__000_Sprite.uasset" 93
"../../../../../../Users/Juan/Documents/Unreal Projects/PL_Game/Content/Shadowlightless/FlipBooks/Characters/Ninja/A_Jump_Attack.uasset" 94
"../../../../../../Users/Juan/Documents/Unreal Projects/PL_Game/Content/Shadowlightless/Sprites/Characters/Ninja/Jump__008.uasset" 95
"../../../../../../Users/Juan/Documents/Unreal Projects/PL_Game/Content/Shadowlightless/Sprites/Characters/Ninja/Jump__008_Sprite.uasset" 96
"../../../../../../Users/Juan/Documents/Unreal Projects/PL_Game/Content/Shadowlightless/Sprites/Characters/Ninja/Jump__007.uasset" 97
"../../../../../../Users/Juan/Documents/Unreal Projects/PL_Game/Content/Shadowlightless/Sprites/Characters/Ninja/Jump__007_Sprite.uasset" 98
"../../../../../../Users/Juan/Documents/Unreal Projects/PL_Game/Content/Shadowlightless/Sprites/Characters/Ninja/Jump__006.uasset" 99
"../../../../../../Users/Juan/Documents/Unreal Projects/PL_Game/Content/Shadowlightless/Sprites/Characters/Ninja/Jump__006_Sprite.uasset" 100
"../../../../../../Users/Juan/Documents/Unreal Projects/PL_Game/Content/Shadowlightless/Sprites/Characters/Ninja/Jump__005.uasset" 101
"../../../../../../Users/Juan/Documents/Unreal Projects/PL_Game/Content/Shadowlightless/Sprites/Characters/Ninja/Jump__005_Sprite.uasset" 102
"../../../../../../Users/Juan/Documents/Unreal Projects/PL_Game/Content/Shadowlightless/Sprites/Characters/Ninja/Jump__004.uasset" 103
"../../../../../../Users/Juan/Documents/Unreal Projects/PL_Game/Content/Shadowlightless/Sprites/Characters/Ninja/Jump__004_Sprite.uasset" 104
"../../../../../../Users/Juan/Documents/Unreal Projects/PL_Game/Content/Shadowlightless/Sprites/Characters/Ninja/Jump__003.uasset" 105
"../../../../../../Users/Juan/Documents/Unreal Projects/PL_Game/Content/Shadowlightless/Sprites/Characters/Ninja/Jump__003_Sprite.uasset" 106
"../../../../../../Users/Juan/Documents/Unreal Projects/PL_Game/Content/Shadowlightless/Sprites/Characters/Ninja/Jump__002.uasset" 107
"../../../../../../Users/Juan/Documents/Unreal Projects/PL_Game/Content/Shadowlightless/Sprites/Characters/Ninja/Jump__002_Sprite.uasset" 108
"../../../../../../Users/Juan/Documents/Unreal Projects/PL_Game/Content/Shadowlightless/Sprites/Characters/Ninja/Jump__001.uasset" 109
"../../../../../../Users/Juan/Documents/Unreal Projects/PL_Game/Content/Shadowlightless/Sprites/Characters/Ninja/Jump__001_Sprite.uasset" 110
"../../../../../../Users/Juan/Documents/Unreal Projects/PL_Game/Content/Shadowlightless/Sprites/Characters/Ninja/Jump__000.uasset" 111
"../../../../../../Users/Juan/Documents/Unreal Projects/PL_Game/Content/Shadowlightless/Sprites/Characters/Ninja/Jump__000_Sprite.uasset" 112
"../../../../../../Users/Juan/Documents/Unreal Projects/PL_Game/Content/Shadowlightless/FlipBooks/Characters/Ninja/A_Jump.uasset" 113
"../../../../../../Users/Juan/Documents/Unreal Projects/PL_Game/Content/Shadowlightless/Sprites/Characters/Ninja/Idle__009.uasset" 114
"../../../../../../Users/Juan/Documents/Unreal Projects/PL_Game/Content/Shadowlightless/Sprites/Characters/Ninja/Idle__009_Sprite.uasset" 115
"../../../../../../Users/Juan/Documents/Unreal Projects/PL_Game/Content/Shadowlightless/Sprites/Characters/Ninja/Idle__008.uasset" 116
"../../../../../../Users/Juan/Documents/Unreal Projects/PL_Game/Content/Shadowlightless/Sprites/Characters/Ninja/Idle__008_Sprite.uasset" 117
"../../../../../../Users/Juan/Documents/Unreal Projects/PL_Game/Content/Shadowlightless/Sprites/Characters/Ninja/Idle__007.uasset" 118
"../../../../../../Users/Juan/Documents/Unreal Projects/PL_Game/Content/Shadowlightless/Sprites/Characters/Ninja/Idle__007_Sprite.uasset" 119
"../../../../../../Users/Juan/Documents/Unreal Projects/PL_Game/Content/Shadowlightless/Sprites/Characters/Ninja/Idle__006.uasset" 120
"../../../../../../Users/Juan/Documents/Unreal Projects/PL_Game/Content/Shadowlightless/Sprites/Characters/Ninja/Idle__006_Sprite.uasset" 121
"../../../../../../Users/Juan/Documents/Unreal Projects/PL_Game/Content/Shadowlightless/Sprites/Characters/Ninja/Idle__005.uasset" 122
"../../../../../../Users/Juan/Documents/Unreal Projects/PL_Game/Content/Shadowlightless/Sprites/Characters/Ninja/Idle__005_Sprite.uasset" 123
"../../../../../../Users/Juan/Documents/Unreal Projects/PL_Game/Content/Shadowlightless/Sprites/Characters/Ninja/Idle__004.uasset" 124
"../../../../../../Users/Juan/Documents/Unreal Projects/PL_Game/Content/Shadowlightless/Sprites/Characters/Ninja/Idle__004_Sprite.uasset" 125
"../../../../../../Users/Juan/Documents/Unreal Projects/PL_Game/Content/Shadowlightless/Sprites/Characters/Ninja/Idle__003.uasset" 126
"../../../../../../Users/Juan/Documents/Unreal Projects/PL_Game/Content/Shadowlightless/Sprites/Characters/Ninja/Idle__003_Sprite.uasset" 127
"../../../../../../Users/Juan/Documents/Unreal Projects/PL_Game/Content/Shadowlightless/Sprites/Characters/Ninja/Idle__002.uasset" 128
"../../../../../../Users/Juan/Documents/Unreal Projects/PL_Game/Content/Shadowlightless/Sprites/Characters/Ninja/Idle__002_Sprite.uasset" 129
"../../../../../../Users/Juan/Documents/Unreal Projects/PL_Game/Content/Shadowlightless/Sprites/Characters/Ninja/Idle__001.uasset" 130
"../../../../../../Users/Juan/Documents/Unreal Projects/PL_Game/Content/Shadowlightless/Sprites/Characters/Ninja/Idle__001_Sprite.uasset" 131
"../../../../../../Users/Juan/Documents/Unreal Projects/PL_Game/Content/Shadowlightless/Sprites/Characters/Ninja/Idle__000.uasset" 132
"../../../../../../Users/Juan/Documents/Unreal Projects/PL_Game/Content/Shadowlightless/Sprites/Characters/Ninja/Idle__000_Sprite.uasset" 133
"../../../../../../Users/Juan/Documents/Unreal Projects/PL_Game/Content/Shadowlightless/FlipBooks/Characters/Ninja/A_Idle.uasset" 134
"../../../../../../Users/Juan/Documents/Unreal Projects/PL_Game/Content/Shadowlightless/Sprites/Characters/Ninja/Dead__008.uasset" 135
"../../../../../../Users/Juan/Documents/Unreal Projects/PL_Game/Content/Shadowlightless/Sprites/Characters/Ninja/Dead__008_Sprite.uasset" 136
"../../../../../../Users/Juan/Documents/Unreal Projects/PL_Game/Content/Shadowlightless/Sprites/Characters/Ninja/Dead__007.uasset" 137
"../../../../../../Users/Juan/Documents/Unreal Projects/PL_Game/Content/Shadowlightless/Sprites/Characters/Ninja/Dead__007_Sprite.uasset" 138
"../../../../../../Users/Juan/Documents/Unreal Projects/PL_Game/Content/Shadowlightless/Sprites/Characters/Ninja/Dead__006.uasset" 139
"../../../../../../Users/Juan/Documents/Unreal Projects/PL_Game/Content/Shadowlightless/Sprites/Characters/Ninja/Dead__006_Sprite.uasset" 140
"../../../../../../Users/Juan/Documents/Unreal Projects/PL_Game/Content/Shadowlightless/Sprites/Characters/Ninja/Dead__005.uasset" 141
"../../../../../../Users/Juan/Documents/Unreal Projects/PL_Game/Content/Shadowlightless/Sprites/Characters/Ninja/Dead__005_Sprite.uasset" 142
"../../../../../../Users/Juan/Documents/Unreal Projects/PL_Game/Content/Shadowlightless/Sprites/Characters/Ninja/Dead__004.uasset" 143
"../../../../../../Users/Juan/Documents/Unreal Projects/PL_Game/Content/Shadowlightless/Sprites/Characters/Ninja/Dead__004_Sprite.uasset" 144
"../../../../../../Users/Juan/Documents/Unreal Projects/PL_Game/Content/Shadowlightless/Sprites/Characters/Ninja/Dead__003.uasset" 145
"../../../../../../Users/Juan/Documents/Unreal Projects/PL_Game/Content/Shadowlightless/Sprites/Characters/Ninja/Dead__003_Sprite.uasset" 146
"../../../../../../Users/Juan/Documents/Unreal Projects/PL_Game/Content/Shadowlightless/Sprites/Characters/Ninja/Dead__002.uasset" 147
"../../../../../../Users/Juan/Documents/Unreal Projects/PL_Game/Content/Shadowlightless/Sprites/Characters/Ninja/Dead__002_Sprite.uasset" 148
"../../../../../../Users/Juan/Documents/Unreal Projects/PL_Game/Content/Shadowlightless/Sprites/Characters/Ninja/Dead__001.uasset" 149
"../../../../../../Users/Juan/Documents/Unreal Projects/PL_Game/Content/Shadowlightless/Sprites/Characters/Ninja/Dead__001_Sprite.uasset" 150
"../../../../../../Users/Juan/Documents/Unreal Projects/PL_Game/Content/Shadowlightless/Sprites/Characters/Ninja/Dead__000.uasset" 151
"../../../../../../Users/Juan/Documents/Unreal Projects/PL_Game/Content/Shadowlightless/Sprites/Characters/Ninja/Dead__000_Sprite.uasset" 152
"../../../../../../Users/Juan/Documents/Unreal Projects/PL_Game/Content/Shadowlightless/FlipBooks/Characters/Ninja/A_Dead.uasset" 153
"../../../../../../Users/Juan/Documents/Unreal Projects/PL_Game/Content/Shadowlightless/Sprites/Characters/Ninja/Attack__005.uasset" 154
"../../../../../../Users/Juan/Documents/Unreal Projects/PL_Game/Content/Shadowlightless/Sprites/Characters/Ninja/Attack__005_Sprite.uasset" 155
"../../../../../../Users/Juan/Documents/Unreal Projects/PL_Game/Content/Shadowlightless/Sprites/Characters/Ninja/Attack__004.uasset" 156
"../../../../../../Users/Juan/Documents/Unreal Projects/PL_Game/Content/Shadowlightless/Sprites/Characters/Ninja/Attack__004_Sprite.uasset" 157
"../../../../../../Users/Juan/Documents/Unreal Projects/PL_Game/Content/Shadowlightless/Sprites/Characters/Ninja/Attack__003.uasset" 158
"../../../../../../Users/Juan/Documents/Unreal Projects/PL_Game/Content/Shadowlightless/Sprites/Characters/Ninja/Attack__003_Sprite.uasset" 159
"../../../../../../Users/Juan/Documents/Unreal Projects/PL_Game/Content/Shadowlightless/Sprites/Characters/Ninja/Attack__002.uasset" 160
"../../../../../../Users/Juan/Documents/Unreal Projects/PL_Game/Content/Shadowlightless/Sprites/Characters/Ninja/Attack__002_Sprite.uasset" 161
"../../../../../../Users/Juan/Documents/Unreal Projects/PL_Game/Content/Shadowlightless/Sprites/Characters/Ninja/Attack__001.uasset" 162
"../../../../../../Users/Juan/Documents/Unreal Projects/PL_Game/Content/Shadowlightless/Sprites/Characters/Ninja/Attack__001_Sprite.uasset" 163
"../../../../../../Users/Juan/Documents/Unreal Projects/PL_Game/Content/Shadowlightless/Sprites/Characters/Ninja/Attack__000.uasset" 164
"../../../../../../Users/Juan/Documents/Unreal Projects/PL_Game/Content/Shadowlightless/Sprites/Characters/Ninja/Attack__000_Sprite.uasset" 165
"../../../../../../Users/Juan/Documents/Unreal Projects/PL_Game/Content/Shadowlightless/Sprites/Characters/Ninja/Attack__009.uasset" 166
"../../../../../../Users/Juan/Documents/Unreal Projects/PL_Game/Content/Shadowlightless/Sprites/Characters/Ninja/Attack__009_Sprite.uasset" 167
"../../../../../../Users/Juan/Documents/Unreal Projects/PL_Game/Content/Shadowlightless/Sprites/Characters/Ninja/Attack__008.uasset" 168
"../../../../../../Users/Juan/Documents/Unreal Projects/PL_Game/Content/Shadowlightless/Sprites/Characters/Ninja/Attack__008_Sprite.uasset" 169
"../../../../../../Users/Juan/Documents/Unreal Projects/PL_Game/Content/Shadowlightless/Sprites/Characters/Ninja/Attack__007.uasset" 170
"../../../../../../Users/Juan/Documents/Unreal Projects/PL_Game/Content/Shadowlightless/Sprites/Characters/Ninja/Attack__007_Sprite.uasset" 171
"../../../../../../Users/Juan/Documents/Unreal Projects/PL_Game/Content/Shadowlightless/Sprites/Characters/Ninja/Attack__006.uasset" 172
"../../../../../../Users/Juan/Documents/Unreal Projects/PL_Game/Content/Shadowlightless/Sprites/Characters/Ninja/Attack__006_Sprite.uasset" 173
"../../../../../../Users/Juan/Documents/Unreal Projects/PL_Game/Content/Shadowlightless/FlipBooks/Characters/Ninja/A_Attack.uasset" 174
"../../../../../../Users/Juan/Documents/Unreal Projects/PL_Game/Content/Shadowlightless/Sprites/Objects/Kunai/Kunai.uasset" 175
"../../../../../../Users/Juan/Documents/Unreal Projects/PL_Game/Content/Shadowlightless/Sprites/Objects/Kunai/Kunai_Sprite.uasset" 176
"../../../Engine/Content/Functions/Engine_MaterialFunctions01/Gradient/RadialGradient.uasset" 177
"../../../../../../Users/Juan/Documents/Unreal Projects/PL_Game/Content/StarterContent/Particles/Materials/M_radial_ramp.uasset" 178
"../../../../../../Users/Juan/Documents/Unreal Projects/PL_Game/Content/StarterContent/Textures/T_Explosion_SubUV.uasset" 179
"../../../../../../Users/Juan/Documents/Unreal Projects/PL_Game/Content/StarterContent/Particles/Materials/M_explosion_subUV.uasset" 180
"../../../../../../Users/Juan/Documents/Unreal Projects/PL_Game/Content/StarterContent/Textures/T_Burst_M.uasset" 181
"../../../../../../Users/Juan/Documents/Unreal Projects/PL_Game/Content/StarterContent/Particles/Materials/M_Burst.uasset" 182
"../../../../../../Users/Juan/Documents/Unreal Projects/PL_Game/Content/StarterContent/Particles/P_Explosion.uasset" 183
"../../../../../../Users/Juan/Documents/Unreal Projects/PL_Game/Content/Shadowlightless/Sprites/Enemies/Robot/Idle__9_.uasset" 184
"../../../../../../Users/Juan/Documents/Unreal Projects/PL_Game/Content/Shadowlightless/Sprites/Enemies/Robot/Idle__9__Sprite.uasset" 185
"../../../../../../Users/Juan/Documents/Unreal Projects/PL_Game/Content/Shadowlightless/Sprites/Enemies/Robot/Idle__8_.uasset" 186
"../../../../../../Users/Juan/Documents/Unreal Projects/PL_Game/Content/Shadowlightless/Sprites/Enemies/Robot/Idle__8__Sprite.uasset" 187
"../../../../../../Users/Juan/Documents/Unreal Projects/PL_Game/Content/Shadowlightless/Sprites/Enemies/Robot/Idle__7_.uasset" 188
"../../../../../../Users/Juan/Documents/Unreal Projects/PL_Game/Content/Shadowlightless/Sprites/Enemies/Robot/Idle__7__Sprite.uasset" 189
"../../../../../../Users/Juan/Documents/Unreal Projects/PL_Game/Content/Shadowlightless/Sprites/Enemies/Robot/Idle__6_.uasset" 190
"../../../../../../Users/Juan/Documents/Unreal Projects/PL_Game/Content/Shadowlightless/Sprites/Enemies/Robot/Idle__6__Sprite.uasset" 191
"../../../../../../Users/Juan/Documents/Unreal Projects/PL_Game/Content/Shadowlightless/Sprites/Enemies/Robot/Idle__5_.uasset" 192
"../../../../../../Users/Juan/Documents/Unreal Projects/PL_Game/Content/Shadowlightless/Sprites/Enemies/Robot/Idle__5__Sprite.uasset" 193
"../../../../../../Users/Juan/Documents/Unreal Projects/PL_Game/Content/Shadowlightless/Sprites/Enemies/Robot/Idle__4_.uasset" 194
"../../../../../../Users/Juan/Documents/Unreal Projects/PL_Game/Content/Shadowlightless/Sprites/Enemies/Robot/Idle__4__Sprite.uasset" 195
"../../../../../../Users/Juan/Documents/Unreal Projects/PL_Game/Content/Shadowlightless/Sprites/Enemies/Robot/Idle__3_.uasset" 196
"../../../../../../Users/Juan/Documents/Unreal Projects/PL_Game/Content/Shadowlightless/Sprites/Enemies/Robot/Idle__3__Sprite.uasset" 197
"../../../../../../Users/Juan/Documents/Unreal Projects/PL_Game/Content/Shadowlightless/Sprites/Enemies/Robot/Idle__2_.uasset" 198
"../../../../../../Users/Juan/Documents/Unreal Projects/PL_Game/Content/Shadowlightless/Sprites/Enemies/Robot/Idle__2__Sprite.uasset" 199
"../../../../../../Users/Juan/Documents/Unreal Projects/PL_Game/Content/Shadowlightless/Sprites/Enemies/Robot/Idle__1_.uasset" 200
"../../../../../../Users/Juan/Documents/Unreal Projects/PL_Game/Content/Shadowlightless/Sprites/Enemies/Robot/Idle__1__Sprite.uasset" 201
"../../../../../../Users/Juan/Documents/Unreal Projects/PL_Game/Content/Shadowlightless/Sprites/Enemies/Robot/Idle__10_.uasset" 202
"../../../../../../Users/Juan/Documents/Unreal Projects/PL_Game/Content/Shadowlightless/Sprites/Enemies/Robot/Idle__10__Sprite.uasset" 203
"../../../../../../Users/Juan/Documents/Unreal Projects/PL_Game/Content/Shadowlightless/FlipBooks/Enemies/Robot/A_Idle.uasset" 204
"../../../Engine/Content/EditorBlueprintResources/StandardMacros.uasset" 205
"../../../../../../Users/Juan/Documents/Unreal Projects/PL_Game/Content/Shadowlightless/Widgets/Points.uasset" 206
"../../../../../../Users/Juan/Documents/Unreal Projects/PL_Game/Content/Shadowlightless/Widgets/Health_Stamina.uasset" 207
"../../../../../../Users/Juan/Documents/Unreal Projects/PL_Game/Content/Shadowlightless/BluePrints/Characters/BP_CharacterMovementComponent.uasset" 208
"../../../../../../Users/Juan/Documents/Unreal Projects/PL_Game/Content/Shadowlightless/BluePrints/Characters/Character_BP.uasset" 209
"../../../../../../Users/Juan/Documents/Unreal Projects/PL_Game/Content/Shadowlightless/BluePrints/Enemies/Enemy_BP.uasset" 210
"../../../../../../Users/Juan/Documents/Unreal Projects/PL_Game/Content/Shadowlightless/BluePrints/Characters/Ninja/Kunai.uasset" 211
"../../../../../../Users/Juan/Documents/Unreal Projects/PL_Game/Content/Shadowlightless/BluePrints/Characters/Ninja/Ninja_BP.uasset" 212
"../../../../../../Users/Juan/Documents/Unreal Projects/PL_Game/Content/Shadowlightless/BluePrints/Characters/2DSideScrollerGameMode.uasset" 213
"../../../Engine/Content/EngineMaterials/T_Default_Material_Grid_M.uasset" 214
"../../../Engine/Content/EngineMaterials/T_Default_Material_Grid_N.uasset" 215
"../../../Engine/Content/Functions/Engine_MaterialFunctions01/Opacity/CameraDepthFade.uasset" 216
"../../../Engine/Content/EngineMaterials/WorldGridMaterial.uasset" 217
"../../../Engine/Content/ArtTools/RenderToTexture/Meshes/S_1_Unit_Plane.uasset" 218
"../../../Engine/Content/EngineMaterials/DefaultMaterial.uasset" 219
"../../../Engine/Content/BasicShapes/Cone.uasset" 220
"../../../Engine/Content/BasicShapes/Plane.uasset" 221
"../../../Engine/Content/BasicShapes/Sphere.uasset" 222
"../../../Engine/Content/EditorLandscapeResources/DataLayer.uasset" 223
"../../../Engine/Content/EditorLandscapeResources/DefaultAlphaTexture.uasset" 224
"../../../Engine/Content/EditorMaterials/MAT_Groups_Toggle.uasset" 225
"../../../Engine/Content/EditorMaterials/MAT_Groups_Visibility.uasset" 226
"../../../Engine/Content/EditorMaterials/PreviewShadowIndicator.uasset" 227
"../../../Engine/Content/EditorMaterials/PreviewShadowIndicatorMaterial.uasset" 228
"../../../Engine/Content/EditorMaterials/MatineeGroups/MAT_ColorTrack.uasset" 229
"../../../Engine/Content/EditorMaterials/MatineeGroups/MAT_Groups_Anim.uasset" 230
"../../../Engine/Content/EditorMaterials/MatineeGroups/MAT_Groups_AudioMaster.uasset" 231
"../../../Engine/Content/EditorMaterials/MatineeGroups/MAT_Groups_Director.uasset" 232
"../../../Engine/Content/EditorMaterials/MatineeGroups/MAT_Groups_Event.uasset" 233
"../../../Engine/Content/EditorMaterials/MatineeGroups/MAT_Groups_Fade.uasset" 234
"../../../Engine/Content/EditorMaterials/MatineeGroups/MAT_Groups_Float.uasset" 235
"../../../Engine/Content/EditorMaterials/MatineeGroups/MAT_Groups_Move.uasset" 236
"../../../Engine/Content/EditorMaterials/MatineeGroups/MAT_Groups_Slomo.uasset" 237
"../../../Engine/Content/EditorMaterials/MatineeGroups/MAT_Groups_Sound.uasset" 238
"../../../Engine/Content/EditorMaterials/MatineeGroups/MAT_Groups_Vector.uasset" 239
"../../../Engine/Content/EditorMaterials/ParticleSystems/PSysThumbnail_NoImage.uasset" 240
"../../../Engine/Content/EditorMaterials/ParticleSystems/PSysThumbnail_OOD.uasset" 241
"../../../Engine/Content/EditorMaterials/Camera/CineMat.uasset" 242
"../../../Engine/Content/EditorMaterials/Camera/MI_CineMat_Rig.uasset" 243
"../../../Engine/Content/EditorMeshes/Camera/SM_CraneRig_Arm.uasset" 244
"../../../Engine/Content/EditorMeshes/Camera/SM_CraneRig_Base.uasset" 245
"../../../Engine/Content/EditorMeshes/Camera/SM_CraneRig_Body.uasset" 246
"../../../Engine/Content/EditorMeshes/Camera/SM_CraneRig_Mount.uasset" 247
"../../../Engine/Content/EditorMeshes/Camera/SM_RailRig_Mount.uasset" 248
"../../../Engine/Content/EditorMeshes/Camera/SM_RailRig_Track.uasset" 249
"../../../Engine/Content/EditorResources/BSPVertex.uasset" 250
"../../../Engine/Content/EditorResources/EmptyActor.uasset" 251
"../../../Engine/Content/EditorResources/S_Actor.uasset" 252
"../../../Engine/Content/EditorResources/S_Note.uasset" 253
"../../../Engine/Content/EditorResources/S_Solver.uasset" 254
"../../../Engine/Content/EditorResources/S_Terrain.uasset" 255
"../../../Engine/Content/EditorResources/S_Trigger.uasset" 256
"../../../Engine/Content/EditorResources/AudioIcons/S_AudioComponent_AutoActivate.uasset" 257
"../../../Engine/Content/EditorResources/LightIcons/S_LightError.uasset" 258
"../../../Engine/Content/EditorResources/SequenceRecorder/Countdown.uasset" 259
"../../../Engine/Content/EditorResources/SequenceRecorder/RecordingIndicator.uasset" 260
"../../../Engine/Content/EngineDamageTypes/DmgTypeBP_Environmental.uasset" 261
"../../../Engine/Content/EngineDebugMaterials/DebugEditorMaterial.uasset" 262
"../../../Engine/Content/EngineDebugMaterials/DebugMeshMaterial.uasset" 263
"../../../Engine/Content/EngineDebugMaterials/M_SimpleUnlitTranslucent.uasset" 264
"../../../Engine/Content/EngineDebugMaterials/VolumeToRender.uasset" 265
"../../../Engine/Content/Functions/Engine_MaterialFunctions02/Utility/CameraDirectionVector.uasset" 266
"../../../Engine/Content/EngineDebugMaterials/M_VolumeRenderSphereTracePP.uasset" 267
"../../../Engine/Content/Functions/Engine_MaterialFunctions01/Shading/ConvertFromDiffSpec.uasset" 268
"../../../Engine/Content/EngineDebugMaterials/VertexColorMaterial.uasset" 269
"../../../Engine/Content/EngineDebugMaterials/WireframeMaterial.uasset" 270
"../../../Engine/Content/EngineFonts/Faces/RobotoRegular.uasset" 271
"../../../Engine/Content/EngineFonts/Faces/RobotoLight.uasset" 272
"../../../Engine/Content/EngineFonts/Faces/RobotoItalic.uasset" 273
"../../../Engine/Content/EngineFonts/Faces/RobotoBoldItalic.uasset" 274
"../../../Engine/Content/EngineFonts/Faces/RobotoBold.uasset" 275
"../../../Engine/Content/EngineFonts/Faces/DroidSansFallback.uasset" 276
"../../../Engine/Content/EngineFonts/Roboto.uasset" 277
"../../../Engine/Content/EngineMaterials/BaseFlattenNormalMap.uasset" 278
"../../../Engine/Content/EngineMaterials/BaseFlattenGrayscaleMap.uasset" 279
"../../../Engine/Content/EngineMaterials/BaseFlattenEmissiveMap.uasset" 280
"../../../Engine/Content/EngineMaterials/BaseFlattenDiffuseMap.uasset" 281
"../../../Engine/Content/EngineMaterials/BaseFlattenMaterial.uasset" 282
"../../../Engine/Content/EngineMaterials/BlueNoise.uasset" 283
"../../../Engine/Content/EngineMaterials/DefaultBloomKernel.uasset" 284
"../../../Engine/Content/EngineMaterials/DefaultBokeh.uasset" 285
"../../../Engine/Content/EngineMaterials/DefaultDiffuse.uasset" 286
"../../../Engine/Content/EngineMaterials/DefaultDeferredDecalMaterial.uasset" 287
"../../../Engine/Content/EngineMaterials/DefaultLightFunctionMaterial.uasset" 288
"../../../Engine/Content/EngineMaterials/DefaultPhysicalMaterial.uasset" 289
"../../../Engine/Content/Functions/Engine_MaterialFunctions02/Utility/BreakOutFloat2Components.uasset" 290
"../../../Engine/Content/EngineMaterials/DefaultPostProcessMaterial.uasset" 291
"../../../Engine/Content/EngineFonts/RobotoDistanceField.uasset" 292
"../../../Engine/Content/EngineMaterials/DefaultTextMaterialOpaque.uasset" 293
"../../../Engine/Content/EngineMaterials/DefaultWhiteGrid.uasset" 294
"../../../Engine/Content/EngineMaterials/DefaultWhiteGrid_Low.uasset" 295
"../../../Engine/Content/EngineMaterials/EmissiveMeshMaterial.uasset" 296
"../../../Engine/Content/EngineMaterials/GizmoMaterial.uasset" 297
"../../../Engine/Content/EngineMaterials/Good64x64TilingNoiseHighFreq.uasset" 298
"../../../Engine/Content/EngineMaterials/MiniFont.uasset" 299
"../../../Engine/Content/EngineMaterials/InvalidLightmapSettings.uasset" 300
"../../../Engine/Content/EngineMaterials/M_InvalidLightmapSettings.uasset" 301
"../../../Engine/Content/Functions/Engine_MaterialFunctions02/WorldPositionOffset/CameraOffset.uasset" 302
"../../../Engine/Content/EngineMaterials/PhAT_JointLimitMaterial.uasset" 303
"../../../Engine/Content/EngineMaterials/PreintegratedSkinBRDF.uasset" 304
"../../../Engine/Content/EngineMaterials/RemoveSurfaceMaterial.uasset" 305
"../../../Engine/Content/EngineMaterials/WeightMapPlaceholderTexture.uasset" 306
"../../../Engine/Content/EngineResources/WhiteSquareTexture.uasset" 307
"../../../Engine/Content/EngineMaterials/Widget3DPassThrough.uasset" 308
"../../../Engine/Content/EngineMaterials/Widget3DPassThrough_Masked.uasset" 309
"../../../Engine/Content/EngineMaterials/Widget3DPassThrough_Opaque.uasset" 310
"../../../Engine/Content/EngineMaterials/Widget3DPassThrough_Masked_OneSided.uasset" 311
"../../../Engine/Content/EngineMaterials/Widget3DPassThrough_Opaque_OneSided.uasset" 312
"../../../Engine/Content/EngineMaterials/Widget3DPassThrough_Translucent.uasset" 313
"../../../Engine/Content/EngineMaterials/Widget3DPassThrough_Translucent_OneSided.uasset" 314
"../../../Engine/Content/EngineMeshes/Cylinder.uasset" 315
"../../../Engine/Content/EngineMeshes/Sphere.uasset" 316
"../../../Engine/Content/EngineResources/Black.uasset" 317
"../../../Engine/Content/EngineResources/DefaultTextureCube.uasset" 318
"../../../Engine/Content/EngineResources/DefaultVolumeTexture2D.uasset" 319
"../../../Engine/Content/EngineResources/DefaultVolumeTexture.uasset" 320
"../../../Engine/Content/EngineResources/GradientTexture0.uasset" 321
"../../../Engine/Content/EngineSky/VolumetricClouds/T_NoiseShape64.uasset" 322
"../../../Engine/Content/EngineSky/VolumetricClouds/T_VolumeNoiseShape64.uasset" 323
"../../../Engine/Content/EngineSky/VolumetricClouds/T_NoiseErosion.uasset" 324
"../../../Engine/Content/EngineSky/VolumetricClouds/T_VolumeNoiseErosion32.uasset" 325
"../../../Engine/Content/EngineSky/VolumetricClouds/CloudWeatherTexture.uasset" 326
"../../../Engine/Content/EngineSky/VolumetricClouds/CloudGradientTexture.uasset" 327
"../../../Engine/Content/Functions/Engine_MaterialFunctions02/Utility/MakeFloat2.uasset" 328
"../../../Engine/Content/EngineSky/VolumetricClouds/m_SimpleVolumetricCloud.uasset" 329
"../../../Engine/Content/EngineSky/VolumetricClouds/m_SimpleVolumetricCloud_Inst.uasset" 330
"../../../Engine/Content/EngineSounds/Master.uasset" 331
"../../../Engine/Content/Functions/Engine_MaterialFunctions01/Shading/PowerToRoughness.uasset" 332
"../../../Engine/Content/Maps/Templates/Thumbnails/Default.uasset" 333
"../../../Engine/Content/Maps/Templates/Thumbnails/TimeOfDay.uasset" 334
"../../../Engine/Content/Maps/Templates/Thumbnails/VR-Basic.uasset" 335
"../../../Engine/Content/MobileResources/T_MobileControls_texture.uasset" 336
"../../../Engine/Content/MobileResources/T_MobileMenu2.uasset" 337
"../../../Engine/Content/MobileResources/HUD/AnalogHat.uasset" 338
"../../../Engine/Content/MobileResources/HUD/VirtualJoystick_Thumb.uasset" 339
"../../../Engine/Content/MobileResources/HUD/VirtualJoystick_Background.uasset" 340
"../../../Engine/Content/MobileResources/HUD/DefaultVirtualJoysticks.uasset" 341
"../../../Engine/Content/MobileResources/HUD/LeftVirtualJoystickOnly.uasset" 342
"../../../Engine/Content/MobileResources/HUD/MobileHUDButton1_off.uasset" 343
"../../../Engine/Content/MobileResources/HUD/MobileHUDButton1_on.uasset" 344
"../../../Engine/Content/MobileResources/HUD/MobileHUDButton2_off.uasset" 345
"../../../Engine/Content/MobileResources/HUD/MobileHUDButton2_on.uasset" 346
"../../../Engine/Content/MobileResources/HUD/MobileHUDButton3.uasset" 347
"../../../Engine/Content/MobileResources/HUD/MobileHUDButtonFire.uasset" 348
"../../../Engine/Content/MobileResources/HUD/MobileHUDDirectionPad.uasset" 349
"../../../Engine/Content/MobileResources/HUD/MobileHUDDirectionPad2.uasset" 350
"../../../Engine/Content/MobileResources/HUD/MobileHUDDirectionPad3.uasset" 351
"../../../Engine/Content/MobileResources/HUD/MobileHUDDirectionStick.uasset" 352
"../../../Engine/Content/MobileResources/HUD/T_Castle_ThumbstickInner.uasset" 353
"../../../Engine/Content/MobileResources/HUD/T_Castle_ThumbstickOutter.uasset" 354
"../../../Engine/Content/Tutorial/ContentIntroCurve.uasset" 355
"../../../Engine/Content/Tutorial/Basics/LevelEditorAttract.uasset" 356
"../../../Engine/Content/Tutorial/Basics/TutorialAssets/icon_tab_Levels_40x.uasset" 357
"../../../Engine/Content/Tutorial/Basics/LevelEditorOverview.uasset" 358
"../../../Engine/Content/Tutorial/BlueprintTutorials/TutorialAssets/Blueprint_64x.uasset" 359
"../../../Engine/Content/Tutorial/BlueprintTutorials/BlueprintEditorTutorial.uasset" 360
"../../../Engine/Content/Tutorial/BlueprintTutorials/LevelBlueprintEditorOverview.uasset" 361
"../../../Engine/Content/Tutorial/Installation/InstallingVisualStudioTutorial.uasset" 362
"../../../Engine/Content/VREditor/TransformGizmo/TranslucentTransformGizmoMaterial.uasset" 363
"../../../Engine/Content/VREditor/LaserPointer/VR_LaserPower_01.uasset" 364
"../../../Engine/Content/VREditor/TransformGizmo/TransformGizmoMaterial.uasset" 365
"../../../Engine/Content/VREditor/TransformGizmo/BoundingBoxCorner.uasset" 366
"../../../Engine/Content/VREditor/TransformGizmo/BoundingBoxEdge.uasset" 367
"../../../Engine/Content/VREditor/TransformGizmo/PlaneTranslationHandle.uasset" 368
"../../../Engine/Content/VREditor/TransformGizmo/Xray.uasset" 369
"../../../Engine/Content/VREditor/TransformGizmo/Main.uasset" 370
"../../../Engine/Content/VREditor/TransformGizmo/SM_Sequencer_Key.uasset" 371
"../../../Engine/Content/VREditor/TransformGizmo/SM_Sequencer_Node.uasset" 372
"../../Plugins/2D/Paper2D/Content/DummySprite.uasset" 373
"../../Plugins/2D/Paper2D/Content/DefaultPaperTerrainMaterial.uasset" 374
"../../Plugins/2D/Paper2D/Content/MaskedUnlitSpriteMaterial.uasset" 375
"../../Plugins/2D/Paper2D/Content/OpaqueUnlitSpriteMaterial.uasset" 376
"../../../Engine/Content/Functions/Engine_MaterialFunctions02/ObjectLocalBounds.uasset" 377
"../../../Engine/Content/Functions/Engine_MaterialFunctions02/Utility/BreakOutFloat3Components.uasset" 378
"../../Plugins/Editor/SpeedTreeImporter/Content/SpeedTree9/UnpackInteger3.uasset" 379
"../../Plugins/Editor/SpeedTreeImporter/Content/SpeedTree9/UnpackDirection.uasset" 380
"../../Plugins/Editor/SpeedTreeImporter/Content/SpeedTree9/game_wind_noise.uasset" 381
"../../../Engine/Content/Functions/Engine_MaterialFunctions02/SafeNormalize.uasset" 382
"../../Plugins/Editor/SpeedTreeImporter/Content/SpeedTree9/SpeedTreeWindMotion.uasset" 383
"../../Plugins/Editor/SpeedTreeImporter/Content/SpeedTree9/SpeedTreeBranchMotion.uasset" 384
"../../../Engine/Content/Functions/Engine_MaterialFunctions02/UVs/BoundingBoxBased_0-1_UVW.uasset" 385
"../../Plugins/Editor/SpeedTreeImporter/Content/SpeedTree9/SpeedTreeWind.uasset" 386
"../../Plugins/Editor/SpeedTreeImporter/Content/SpeedTree9/SpeedTreeBillboard.uasset" 387
"../../../Engine/Content/EngineResources/DefaultTexture.uasset" 388
"../../Plugins/Editor/SpeedTreeImporter/Content/SpeedTree9/SpeedTreeBillboardMaster.uasset" 389
"../../Plugins/Editor/SpeedTreeImporter/Content/SpeedTree9/SpeedTreeCameraFacing.uasset" 390
"../../Plugins/Editor/SpeedTreeImporter/Content/SpeedTree9/SpeedTreeMaster.uasset" 391
"../../../Engine/Content/BasicShapes/Cylinder.uasset" 392
"../../../Engine/Content/ArtTools/RenderToTexture/Materials/Debug/M_Emissive_Color.uasset" 393
"../../Plugins/Lumin/MagicLeapPassableWorld/Content/MagicLeapARPinInfoActor.uasset" 394
"../../../Engine/Content/Functions/Engine_MaterialFunctions02/Utility/BreakOutFloat4Components.uasset" 395
"../../../Engine/Content/Functions/Engine_MaterialFunctions02/Utility/MakeFloat3.uasset" 396
"../../Plugins/Runtime/Oculus/OculusVR/Content/Materials/OculusMR_ChromaKey.uasset" 397
"../../Plugins/Runtime/Oculus/OculusVR/Content/Materials/OculusMR_OpaqueColoredMaterial.uasset" 398
"../../Plugins/Runtime/Oculus/OculusVR/Content/Materials/PokeAHoleMaterial.uasset" 399
"../../../../../../Users/Juan/Documents/Unreal Projects/PL_Game/Content/StarterContent/Audio/Starter_Birds01.uasset" 400
"../../../../../../Users/Juan/Documents/Unreal Projects/PL_Game/Content/Shadowlightless/Widgets/WaveWin.uasset" 401
"../../../../../../Users/Juan/Documents/Unreal Projects/PL_Game/Content/Shadowlightless/Widgets/WaveStart.uasset" 402
"../../../../../../Users/Juan/Documents/Unreal Projects/PL_Game/Content/Shadowlightless/Widgets/WaveDraw.uasset" 403
"../../../../../../Users/Juan/Documents/Unreal Projects/PL_Game/Content/Shadowlightless/Widgets/Pause.uasset" 404
"../../../../../../Users/Juan/Documents/Unreal Projects/PL_Game/Content/Shadowlightless/Widgets/FinalWin2.uasset" 405
"../../../../../../Users/Juan/Documents/Unreal Projects/PL_Game/Content/Shadowlightless/Widgets/FinalWin.uasset" 406
"../../../../../../Users/Juan/Documents/Unreal Projects/PL_Game/Content/Shadowlightless/Widgets/FinalDraw.uasset" 407
"../../../Engine/Content/BasicShapes/Cube.uasset" 408
"../../../Engine/Content/BasicShapes/BasicShapeMaterial.uasset" 409
"../../../../../../Users/Juan/Documents/Unreal Projects/PL_Game/Content/Shadowlightless/Maps/Level_00_BuiltData.uasset" 410
"../../../../../../Users/Juan/Documents/Unreal Projects/PL_Game/Content/Shadowlightless/Sprites/BG/Background.uasset" 411
"../../../../../../Users/Juan/Documents/Unreal Projects/PL_Game/Content/Shadowlightless/Sprites/BG/Background_Sprite.uasset" 412
"../../../../../../Users/Juan/Documents/Unreal Projects/PL_Game/Content/Shadowlightless/TileSets/Platformer3.uasset" 413
"../../../../../../Users/Juan/Documents/Unreal Projects/PL_Game/Content/Shadowlightless/TileSets/Platformer3_TileSet.uasset" 414
"../../../../../../Users/Juan/Documents/Unreal Projects/PL_Game/Content/Shadowlightless/Maps/TileMap_00.uasset" 415
"../../../../../../Users/Juan/Documents/Unreal Projects/PL_Game/Content/Shadowlightless/Sprites/Enemies/Robot/RunShoot__9_.uasset" 416
"../../../../../../Users/Juan/Documents/Unreal Projects/PL_Game/Content/Shadowlightless/Sprites/Enemies/Robot/RunShoot__9__Sprite.uasset" 417
"../../../../../../Users/Juan/Documents/Unreal Projects/PL_Game/Content/Shadowlightless/Sprites/Enemies/Robot/RunShoot__8_.uasset" 418
"../../../../../../Users/Juan/Documents/Unreal Projects/PL_Game/Content/Shadowlightless/Sprites/Enemies/Robot/RunShoot__8__Sprite.uasset" 419
"../../../../../../Users/Juan/Documents/Unreal Projects/PL_Game/Content/Shadowlightless/Sprites/Enemies/Robot/RunShoot__7_.uasset" 420
"../../../../../../Users/Juan/Documents/Unreal Projects/PL_Game/Content/Shadowlightless/Sprites/Enemies/Robot/RunShoot__7__Sprite.uasset" 421
"../../../../../../Users/Juan/Documents/Unreal Projects/PL_Game/Content/Shadowlightless/Sprites/Enemies/Robot/RunShoot__6_.uasset" 422
"../../../../../../Users/Juan/Documents/Unreal Projects/PL_Game/Content/Shadowlightless/Sprites/Enemies/Robot/RunShoot__6__Sprite.uasset" 423
"../../../../../../Users/Juan/Documents/Unreal Projects/PL_Game/Content/Shadowlightless/Sprites/Enemies/Robot/RunShoot__5_.uasset" 424
"../../../../../../Users/Juan/Documents/Unreal Projects/PL_Game/Content/Shadowlightless/Sprites/Enemies/Robot/RunShoot__5__Sprite.uasset" 425
"../../../../../../Users/Juan/Documents/Unreal Projects/PL_Game/Content/Shadowlightless/Sprites/Enemies/Robot/RunShoot__4_.uasset" 426
"../../../../../../Users/Juan/Documents/Unreal Projects/PL_Game/Content/Shadowlightless/Sprites/Enemies/Robot/RunShoot__4__Sprite.uasset" 427
"../../../../../../Users/Juan/Documents/Unreal Projects/PL_Game/Content/Shadowlightless/Sprites/Enemies/Robot/RunShoot__3_.uasset" 428
"../../../../../../Users/Juan/Documents/Unreal Projects/PL_Game/Content/Shadowlightless/Sprites/Enemies/Robot/RunShoot__3__Sprite.uasset" 429
"../../../../../../Users/Juan/Documents/Unreal Projects/PL_Game/Content/Shadowlightless/Sprites/Enemies/Robot/RunShoot__2_.uasset" 430
"../../../../../../Users/Juan/Documents/Unreal Projects/PL_Game/Content/Shadowlightless/Sprites/Enemies/Robot/RunShoot__2__Sprite.uasset" 431
"../../../../../../Users/Juan/Documents/Unreal Projects/PL_Game/Content/Shadowlightless/Sprites/Enemies/Robot/RunShoot__1_.uasset" 432
"../../../../../../Users/Juan/Documents/Unreal Projects/PL_Game/Content/Shadowlightless/Sprites/Enemies/Robot/RunShoot__1__Sprite.uasset" 433
"../../../../../../Users/Juan/Documents/Unreal Projects/PL_Game/Content/Shadowlightless/FlipBooks/Enemies/Robot/A_RunShoot.uasset" 434
"../../../../../../Users/Juan/Documents/Unreal Projects/PL_Game/Content/Shadowlightless/Sprites/Enemies/Robot/Run__8_.uasset" 435
"../../../../../../Users/Juan/Documents/Unreal Projects/PL_Game/Content/Shadowlightless/Sprites/Enemies/Robot/Run__8__Sprite.uasset" 436
"../../../../../../Users/Juan/Documents/Unreal Projects/PL_Game/Content/Shadowlightless/Sprites/Enemies/Robot/Run__7_.uasset" 437
"../../../../../../Users/Juan/Documents/Unreal Projects/PL_Game/Content/Shadowlightless/Sprites/Enemies/Robot/Run__7__Sprite.uasset" 438
"../../../../../../Users/Juan/Documents/Unreal Projects/PL_Game/Content/Shadowlightless/Sprites/Enemies/Robot/Run__6_.uasset" 439
"../../../../../../Users/Juan/Documents/Unreal Projects/PL_Game/Content/Shadowlightless/Sprites/Enemies/Robot/Run__6__Sprite.uasset" 440
"../../../../../../Users/Juan/Documents/Unreal Projects/PL_Game/Content/Shadowlightless/Sprites/Enemies/Robot/Run__5_.uasset" 441
"../../../../../../Users/Juan/Documents/Unreal Projects/PL_Game/Content/Shadowlightless/Sprites/Enemies/Robot/Run__5__Sprite.uasset" 442
"../../../../../../Users/Juan/Documents/Unreal Projects/PL_Game/Content/Shadowlightless/Sprites/Enemies/Robot/Run__4_.uasset" 443
"../../../../../../Users/Juan/Documents/Unreal Projects/PL_Game/Content/Shadowlightless/Sprites/Enemies/Robot/Run__4__Sprite.uasset" 444
"../../../../../../Users/Juan/Documents/Unreal Projects/PL_Game/Content/Shadowlightless/Sprites/Enemies/Robot/Run__3_.uasset" 445
"../../../../../../Users/Juan/Documents/Unreal Projects/PL_Game/Content/Shadowlightless/Sprites/Enemies/Robot/Run__3__Sprite.uasset" 446
"../../../../../../Users/Juan/Documents/Unreal Projects/PL_Game/Content/Shadowlightless/Sprites/Enemies/Robot/Run__2_.uasset" 447
"../../../../../../Users/Juan/Documents/Unreal Projects/PL_Game/Content/Shadowlightless/Sprites/Enemies/Robot/Run__2__Sprite.uasset" 448
"../../../../../../Users/Juan/Documents/Unreal Projects/PL_Game/Content/Shadowlightless/Sprites/Enemies/Robot/Run__1_.uasset" 449
"../../../../../../Users/Juan/Documents/Unreal Projects/PL_Game/Content/Shadowlightless/Sprites/Enemies/Robot/Run__1__Sprite.uasset" 450
"../../../../../../Users/Juan/Documents/Unreal Projects/PL_Game/Content/Shadowlightless/FlipBooks/Enemies/Robot/A_Run.uasset" 451
"../../../../../../Users/Juan/Documents/Unreal Projects/PL_Game/Content/Shadowlightless/Sprites/Enemies/Robot/Jump__9_.uasset" 452
"../../../../../../Users/Juan/Documents/Unreal Projects/PL_Game/Content/Shadowlightless/Sprites/Enemies/Robot/Jump__9__Sprite.uasset" 453
"../../../../../../Users/Juan/Documents/Unreal Projects/PL_Game/Content/Shadowlightless/Sprites/Enemies/Robot/Jump__8_.uasset" 454
"../../../../../../Users/Juan/Documents/Unreal Projects/PL_Game/Content/Shadowlightless/Sprites/Enemies/Robot/Jump__8__Sprite.uasset" 455
"../../../../../../Users/Juan/Documents/Unreal Projects/PL_Game/Content/Shadowlightless/Sprites/Enemies/Robot/Jump__7_.uasset" 456
"../../../../../../Users/Juan/Documents/Unreal Projects/PL_Game/Content/Shadowlightless/Sprites/Enemies/Robot/Jump__7__Sprite.uasset" 457
"../../../../../../Users/Juan/Documents/Unreal Projects/PL_Game/Content/Shadowlightless/Sprites/Enemies/Robot/Jump__6_.uasset" 458
"../../../../../../Users/Juan/Documents/Unreal Projects/PL_Game/Content/Shadowlightless/Sprites/Enemies/Robot/Jump__6__Sprite.uasset" 459
"../../../../../../Users/Juan/Documents/Unreal Projects/PL_Game/Content/Shadowlightless/Sprites/Enemies/Robot/Jump__5_.uasset" 460
"../../../../../../Users/Juan/Documents/Unreal Projects/PL_Game/Content/Shadowlightless/Sprites/Enemies/Robot/Jump__5__Sprite.uasset" 461
"../../../../../../Users/Juan/Documents/Unreal Projects/PL_Game/Content/Shadowlightless/Sprites/Enemies/Robot/Jump__4_.uasset" 462
"../../../../../../Users/Juan/Documents/Unreal Projects/PL_Game/Content/Shadowlightless/Sprites/Enemies/Robot/Jump__4__Sprite.uasset" 463
"../../../../../../Users/Juan/Documents/Unreal Projects/PL_Game/Content/Shadowlightless/Sprites/Enemies/Robot/Jump__3_.uasset" 464
"../../../../../../Users/Juan/Documents/Unreal Projects/PL_Game/Content/Shadowlightless/Sprites/Enemies/Robot/Jump__3__Sprite.uasset" 465
"../../../../../../Users/Juan/Documents/Unreal Projects/PL_Game/Content/Shadowlightless/Sprites/Enemies/Robot/Jump__2_.uasset" 466
"../../../../../../Users/Juan/Documents/Unreal Projects/PL_Game/Content/Shadowlightless/Sprites/Enemies/Robot/Jump__2__Sprite.uasset" 467
"../../../../../../Users/Juan/Documents/Unreal Projects/PL_Game/Content/Shadowlightless/Sprites/Enemies/Robot/Jump__1_.uasset" 468
"../../../../../../Users/Juan/Documents/Unreal Projects/PL_Game/Content/Shadowlightless/Sprites/Enemies/Robot/Jump__1__Sprite.uasset" 469
"../../../../../../Users/Juan/Documents/Unreal Projects/PL_Game/Content/Shadowlightless/Sprites/Enemies/Robot/Jump__10_.uasset" 470
"../../../../../../Users/Juan/Documents/Unreal Projects/PL_Game/Content/Shadowlightless/Sprites/Enemies/Robot/Jump__10__Sprite.uasset" 471
"../../../../../../Users/Juan/Documents/Unreal Projects/PL_Game/Content/Shadowlightless/FlipBooks/Enemies/Robot/A_Jump.uasset" 472
"../../../../../../Users/Juan/Documents/Unreal Projects/PL_Game/Content/Shadowlightless/Sprites/Enemies/Robot/Dead__10_.uasset" 473
"../../../../../../Users/Juan/Documents/Unreal Projects/PL_Game/Content/Shadowlightless/Sprites/Enemies/Robot/Dead__10__Sprite.uasset" 474
"../../../../../../Users/Juan/Documents/Unreal Projects/PL_Game/Content/Shadowlightless/FlipBooks/Enemies/Robot/A_DeadLoop.uasset" 475
"../../../../../../Users/Juan/Documents/Unreal Projects/PL_Game/Content/Shadowlightless/Sprites/Enemies/Robot/Dead__9_.uasset" 476
"../../../../../../Users/Juan/Documents/Unreal Projects/PL_Game/Content/Shadowlightless/Sprites/Enemies/Robot/Dead__9__Sprite.uasset" 477
"../../../../../../Users/Juan/Documents/Unreal Projects/PL_Game/Content/Shadowlightless/Sprites/Enemies/Robot/Dead__8_.uasset" 478
"../../../../../../Users/Juan/Documents/Unreal Projects/PL_Game/Content/Shadowlightless/Sprites/Enemies/Robot/Dead__8__Sprite.uasset" 479
"../../../../../../Users/Juan/Documents/Unreal Projects/PL_Game/Content/Shadowlightless/Sprites/Enemies/Robot/Dead__7_.uasset" 480
"../../../../../../Users/Juan/Documents/Unreal Projects/PL_Game/Content/Shadowlightless/Sprites/Enemies/Robot/Dead__7__Sprite.uasset" 481
"../../../../../../Users/Juan/Documents/Unreal Projects/PL_Game/Content/Shadowlightless/Sprites/Enemies/Robot/Dead__6_.uasset" 482
"../../../../../../Users/Juan/Documents/Unreal Projects/PL_Game/Content/Shadowlightless/Sprites/Enemies/Robot/Dead__6__Sprite.uasset" 483
"../../../../../../Users/Juan/Documents/Unreal Projects/PL_Game/Content/Shadowlightless/Sprites/Enemies/Robot/Dead__5_.uasset" 484
"../../../../../../Users/Juan/Documents/Unreal Projects/PL_Game/Content/Shadowlightless/Sprites/Enemies/Robot/Dead__5__Sprite.uasset" 485
"../../../../../../Users/Juan/Documents/Unreal Projects/PL_Game/Content/Shadowlightless/Sprites/Enemies/Robot/Dead__4_.uasset" 486
"../../../../../../Users/Juan/Documents/Unreal Projects/PL_Game/Content/Shadowlightless/Sprites/Enemies/Robot/Dead__4__Sprite.uasset" 487
"../../../../../../Users/Juan/Documents/Unreal Projects/PL_Game/Content/Shadowlightless/Sprites/Enemies/Robot/Dead__3_.uasset" 488
"../../../../../../Users/Juan/Documents/Unreal Projects/PL_Game/Content/Shadowlightless/Sprites/Enemies/Robot/Dead__3__Sprite.uasset" 489
"../../../../../../Users/Juan/Documents/Unreal Projects/PL_Game/Content/Shadowlightless/Sprites/Enemies/Robot/Dead__2_.uasset" 490
"../../../../../../Users/Juan/Documents/Unreal Projects/PL_Game/Content/Shadowlightless/Sprites/Enemies/Robot/Dead__2__Sprite.uasset" 491
"../../../../../../Users/Juan/Documents/Unreal Projects/PL_Game/Content/Shadowlightless/Sprites/Enemies/Robot/Dead__1_.uasset" 492
"../../../../../../Users/Juan/Documents/Unreal Projects/PL_Game/Content/Shadowlightless/Sprites/Enemies/Robot/Dead__1__Sprite.uasset" 493
"../../../../../../Users/Juan/Documents/Unreal Projects/PL_Game/Content/Shadowlightless/FlipBooks/Enemies/Robot/A_Dead.uasset" 494
"../../../../../../Users/Juan/Documents/Unreal Projects/PL_Game/Content/Shadowlightless/Sprites/Objects/FireBall/Muzzle_004.uasset" 495
"../../../../../../Users/Juan/Documents/Unreal Projects/PL_Game/Content/Shadowlightless/Sprites/Objects/FireBall/Muzzle_004_Sprite.uasset" 496
"../../../../../../Users/Juan/Documents/Unreal Projects/PL_Game/Content/Shadowlightless/Sprites/Objects/FireBall/Muzzle_003.uasset" 497
"../../../../../../Users/Juan/Documents/Unreal Projects/PL_Game/Content/Shadowlightless/Sprites/Objects/FireBall/Muzzle_003_Sprite.uasset" 498
"../../../../../../Users/Juan/Documents/Unreal Projects/PL_Game/Content/Shadowlightless/Sprites/Objects/FireBall/Muzzle_002.uasset" 499
"../../../../../../Users/Juan/Documents/Unreal Projects/PL_Game/Content/Shadowlightless/Sprites/Objects/FireBall/Muzzle_002_Sprite.uasset" 500
"../../../../../../Users/Juan/Documents/Unreal Projects/PL_Game/Content/Shadowlightless/Sprites/Objects/FireBall/Muzzle_001.uasset" 501
"../../../../../../Users/Juan/Documents/Unreal Projects/PL_Game/Content/Shadowlightless/Sprites/Objects/FireBall/Muzzle_001_Sprite.uasset" 502
"../../../../../../Users/Juan/Documents/Unreal Projects/PL_Game/Content/Shadowlightless/Sprites/Objects/FireBall/Muzzle_000.uasset" 503
"../../../../../../Users/Juan/Documents/Unreal Projects/PL_Game/Content/Shadowlightless/Sprites/Objects/FireBall/Muzzle_000_Sprite.uasset" 504
"../../../../../../Users/Juan/Documents/Unreal Projects/PL_Game/Content/Shadowlightless/FlipBooks/Objects/Obj_Muzzle.uasset" 505
"../../../../../../Users/Juan/Documents/Unreal Projects/PL_Game/Content/Shadowlightless/BluePrints/Enemies/Robot/Muzzle.uasset" 506
"../../../../../../Users/Juan/Documents/Unreal Projects/PL_Game/Content/Shadowlightless/Sprites/Objects/FireBall/Bullet_004.uasset" 507
"../../../../../../Users/Juan/Documents/Unreal Projects/PL_Game/Content/Shadowlightless/Sprites/Objects/FireBall/Bullet_004_Sprite.uasset" 508
"../../../../../../Users/Juan/Documents/Unreal Projects/PL_Game/Content/Shadowlightless/Sprites/Objects/FireBall/Bullet_003.uasset" 509
"../../../../../../Users/Juan/Documents/Unreal Projects/PL_Game/Content/Shadowlightless/Sprites/Objects/FireBall/Bullet_003_Sprite.uasset" 510
"../../../../../../Users/Juan/Documents/Unreal Projects/PL_Game/Content/Shadowlightless/Sprites/Objects/FireBall/Bullet_002.uasset" 511
"../../../../../../Users/Juan/Documents/Unreal Projects/PL_Game/Content/Shadowlightless/Sprites/Objects/FireBall/Bullet_002_Sprite.uasset" 512
"../../../../../../Users/Juan/Documents/Unreal Projects/PL_Game/Content/Shadowlightless/Sprites/Objects/FireBall/Bullet_001.uasset" 513
"../../../../../../Users/Juan/Documents/Unreal Projects/PL_Game/Content/Shadowlightless/Sprites/Objects/FireBall/Bullet_001_Sprite.uasset" 514
"../../../../../../Users/Juan/Documents/Unreal Projects/PL_Game/Content/Shadowlightless/Sprites/Objects/FireBall/Bullet_000.uasset" 515
"../../../../../../Users/Juan/Documents/Unreal Projects/PL_Game/Content/Shadowlightless/Sprites/Objects/FireBall/Bullet_000_Sprite.uasset" 516
"../../../../../../Users/Juan/Documents/Unreal Projects/PL_Game/Content/Shadowlightless/FlipBooks/Objects/Obj_FireBall.uasset" 517
"../../../../../../Users/Juan/Documents/Unreal Projects/PL_Game/Content/Shadowlightless/BluePrints/Enemies/Robot/Fireball.uasset" 518
"../../../../../../Users/Juan/Documents/Unreal Projects/PL_Game/Content/Shadowlightless/Sprites/Enemies/Robot/Shoot__4_.uasset" 519
"../../../../../../Users/Juan/Documents/Unreal Projects/PL_Game/Content/Shadowlightless/Sprites/Enemies/Robot/Shoot__4__Sprite.uasset" 520
"../../../../../../Users/Juan/Documents/Unreal Projects/PL_Game/Content/Shadowlightless/Sprites/Enemies/Robot/Shoot__3_.uasset" 521
"../../../../../../Users/Juan/Documents/Unreal Projects/PL_Game/Content/Shadowlightless/Sprites/Enemies/Robot/Shoot__3__Sprite.uasset" 522
"../../../../../../Users/Juan/Documents/Unreal Projects/PL_Game/Content/Shadowlightless/Sprites/Enemies/Robot/Shoot__2_.uasset" 523
"../../../../../../Users/Juan/Documents/Unreal Projects/PL_Game/Content/Shadowlightless/Sprites/Enemies/Robot/Shoot__2__Sprite.uasset" 524
"../../../../../../Users/Juan/Documents/Unreal Projects/PL_Game/Content/Shadowlightless/Sprites/Enemies/Robot/Shoot__1_.uasset" 525
"../../../../../../Users/Juan/Documents/Unreal Projects/PL_Game/Content/Shadowlightless/Sprites/Enemies/Robot/Shoot__1__Sprite.uasset" 526
"../../../../../../Users/Juan/Documents/Unreal Projects/PL_Game/Content/Shadowlightless/FlipBooks/Enemies/Robot/A_Shoot.uasset" 527
"../../../../../../Users/Juan/Documents/Unreal Projects/PL_Game/Content/Shadowlightless/Sprites/Enemies/Robot/Melee__3_.uasset" 528
"../../../../../../Users/Juan/Documents/Unreal Projects/PL_Game/Content/Shadowlightless/Sprites/Enemies/Robot/Melee__3__Sprite.uasset" 529
"../../../../../../Users/Juan/Documents/Unreal Projects/PL_Game/Content/Shadowlightless/Sprites/Enemies/Robot/Melee__2_.uasset" 530
"../../../../../../Users/Juan/Documents/Unreal Projects/PL_Game/Content/Shadowlightless/Sprites/Enemies/Robot/Melee__2__Sprite.uasset" 531
"../../../../../../Users/Juan/Documents/Unreal Projects/PL_Game/Content/Shadowlightless/Sprites/Enemies/Robot/Melee__1_.uasset" 532
"../../../../../../Users/Juan/Documents/Unreal Projects/PL_Game/Content/Shadowlightless/Sprites/Enemies/Robot/Melee__1__Sprite.uasset" 533
"../../../../../../Users/Juan/Documents/Unreal Projects/PL_Game/Content/Shadowlightless/Sprites/Enemies/Robot/Melee__8_.uasset" 534
"../../../../../../Users/Juan/Documents/Unreal Projects/PL_Game/Content/Shadowlightless/Sprites/Enemies/Robot/Melee__8__Sprite.uasset" 535
"../../../../../../Users/Juan/Documents/Unreal Projects/PL_Game/Content/Shadowlightless/Sprites/Enemies/Robot/Melee__7_.uasset" 536
"../../../../../../Users/Juan/Documents/Unreal Projects/PL_Game/Content/Shadowlightless/Sprites/Enemies/Robot/Melee__7__Sprite.uasset" 537
"../../../../../../Users/Juan/Documents/Unreal Projects/PL_Game/Content/Shadowlightless/Sprites/Enemies/Robot/Melee__6_.uasset" 538
"../../../../../../Users/Juan/Documents/Unreal Projects/PL_Game/Content/Shadowlightless/Sprites/Enemies/Robot/Melee__6__Sprite.uasset" 539
"../../../../../../Users/Juan/Documents/Unreal Projects/PL_Game/Content/Shadowlightless/Sprites/Enemies/Robot/Melee__5_.uasset" 540
"../../../../../../Users/Juan/Documents/Unreal Projects/PL_Game/Content/Shadowlightless/Sprites/Enemies/Robot/Melee__5__Sprite.uasset" 541
"../../../../../../Users/Juan/Documents/Unreal Projects/PL_Game/Content/Shadowlightless/Sprites/Enemies/Robot/Melee__4_.uasset" 542
"../../../../../../Users/Juan/Documents/Unreal Projects/PL_Game/Content/Shadowlightless/Sprites/Enemies/Robot/Melee__4__Sprite.uasset" 543
"../../../../../../Users/Juan/Documents/Unreal Projects/PL_Game/Content/Shadowlightless/FlipBooks/Enemies/Robot/A_Melee.uasset" 544
"../../../../../../Users/Juan/Documents/Unreal Projects/PL_Game/Content/Shadowlightless/Sprites/Enemies/Robot/JumpShoot__5_.uasset" 545
"../../../../../../Users/Juan/Documents/Unreal Projects/PL_Game/Content/Shadowlightless/Sprites/Enemies/Robot/JumpShoot__5__Sprite.uasset" 546
"../../../../../../Users/Juan/Documents/Unreal Projects/PL_Game/Content/Shadowlightless/Sprites/Enemies/Robot/JumpShoot__4_.uasset" 547
"../../../../../../Users/Juan/Documents/Unreal Projects/PL_Game/Content/Shadowlightless/Sprites/Enemies/Robot/JumpShoot__4__Sprite.uasset" 548
"../../../../../../Users/Juan/Documents/Unreal Projects/PL_Game/Content/Shadowlightless/Sprites/Enemies/Robot/JumpShoot__3_.uasset" 549
"../../../../../../Users/Juan/Documents/Unreal Projects/PL_Game/Content/Shadowlightless/Sprites/Enemies/Robot/JumpShoot__3__Sprite.uasset" 550
"../../../../../../Users/Juan/Documents/Unreal Projects/PL_Game/Content/Shadowlightless/Sprites/Enemies/Robot/JumpShoot__2_.uasset" 551
"../../../../../../Users/Juan/Documents/Unreal Projects/PL_Game/Content/Shadowlightless/Sprites/Enemies/Robot/JumpShoot__2__Sprite.uasset" 552
"../../../../../../Users/Juan/Documents/Unreal Projects/PL_Game/Content/Shadowlightless/Sprites/Enemies/Robot/JumpShoot__1_.uasset" 553
"../../../../../../Users/Juan/Documents/Unreal Projects/PL_Game/Content/Shadowlightless/Sprites/Enemies/Robot/JumpShoot__1__Sprite.uasset" 554
"../../../../../../Users/Juan/Documents/Unreal Projects/PL_Game/Content/Shadowlightless/FlipBooks/Enemies/Robot/A_JumpShoot.uasset" 555
"../../../../../../Users/Juan/Documents/Unreal Projects/PL_Game/Content/Shadowlightless/Sprites/Enemies/Robot/JumpMelee__8_.uasset" 556
"../../../../../../Users/Juan/Documents/Unreal Projects/PL_Game/Content/Shadowlightless/Sprites/Enemies/Robot/JumpMelee__8__Sprite.uasset" 557
"../../../../../../Users/Juan/Documents/Unreal Projects/PL_Game/Content/Shadowlightless/Sprites/Enemies/Robot/JumpMelee__7_.uasset" 558
"../../../../../../Users/Juan/Documents/Unreal Projects/PL_Game/Content/Shadowlightless/Sprites/Enemies/Robot/JumpMelee__7__Sprite.uasset" 559
"../../../../../../Users/Juan/Documents/Unreal Projects/PL_Game/Content/Shadowlightless/Sprites/Enemies/Robot/JumpMelee__6_.uasset" 560
"../../../../../../Users/Juan/Documents/Unreal Projects/PL_Game/Content/Shadowlightless/Sprites/Enemies/Robot/JumpMelee__6__Sprite.uasset" 561
"../../../../../../Users/Juan/Documents/Unreal Projects/PL_Game/Content/Shadowlightless/Sprites/Enemies/Robot/JumpMelee__5_.uasset" 562
"../../../../../../Users/Juan/Documents/Unreal Projects/PL_Game/Content/Shadowlightless/Sprites/Enemies/Robot/JumpMelee__5__Sprite.uasset" 563
"../../../../../../Users/Juan/Documents/Unreal Projects/PL_Game/Content/Shadowlightless/Sprites/Enemies/Robot/JumpMelee__4_.uasset" 564
"../../../../../../Users/Juan/Documents/Unreal Projects/PL_Game/Content/Shadowlightless/Sprites/Enemies/Robot/JumpMelee__4__Sprite.uasset" 565
"../../../../../../Users/Juan/Documents/Unreal Projects/PL_Game/Content/Shadowlightless/Sprites/Enemies/Robot/JumpMelee__3_.uasset" 566
"../../../../../../Users/Juan/Documents/Unreal Projects/PL_Game/Content/Shadowlightless/Sprites/Enemies/Robot/JumpMelee__3__Sprite.uasset" 567
"../../../../../../Users/Juan/Documents/Unreal Projects/PL_Game/Content/Shadowlightless/Sprites/Enemies/Robot/JumpMelee__2_.uasset" 568
"../../../../../../Users/Juan/Documents/Unreal Projects/PL_Game/Content/Shadowlightless/Sprites/Enemies/Robot/JumpMelee__2__Sprite.uasset" 569
"../../../../../../Users/Juan/Documents/Unreal Projects/PL_Game/Content/Shadowlightless/Sprites/Enemies/Robot/JumpMelee__1_.uasset" 570
"../../../../../../Users/Juan/Documents/Unreal Projects/PL_Game/Content/Shadowlightless/Sprites/Enemies/Robot/JumpMelee__1__Sprite.uasset" 571
"../../../../../../Users/Juan/Documents/Unreal Projects/PL_Game/Content/Shadowlightless/FlipBooks/Enemies/Robot/A_JumpMelee.uasset" 572
"../../../../../../Users/Juan/Documents/Unreal Projects/PL_Game/Content/Shadowlightless/BluePrints/Enemies/Robot/Enemy_BP_Robot.uasset" 573
"../../../../../../Users/Juan/Documents/Unreal Projects/PL_Game/Content/Shadowlightless/Sprites/Characters/Indiana/Run__009.uasset" 574
"../../../../../../Users/Juan/Documents/Unreal Projects/PL_Game/Content/Shadowlightless/Sprites/Characters/Indiana/Run__009_Sprite.uasset" 575
"../../../../../../Users/Juan/Documents/Unreal Projects/PL_Game/Content/Shadowlightless/Sprites/Characters/Indiana/Run__008.uasset" 576
"../../../../../../Users/Juan/Documents/Unreal Projects/PL_Game/Content/Shadowlightless/Sprites/Characters/Indiana/Run__008_Sprite.uasset" 577
"../../../../../../Users/Juan/Documents/Unreal Projects/PL_Game/Content/Shadowlightless/Sprites/Characters/Indiana/Run__007.uasset" 578
"../../../../../../Users/Juan/Documents/Unreal Projects/PL_Game/Content/Shadowlightless/Sprites/Characters/Indiana/Run__007_Sprite.uasset" 579
"../../../../../../Users/Juan/Documents/Unreal Projects/PL_Game/Content/Shadowlightless/Sprites/Characters/Indiana/Run__006.uasset" 580
"../../../../../../Users/Juan/Documents/Unreal Projects/PL_Game/Content/Shadowlightless/Sprites/Characters/Indiana/Run__006_Sprite.uasset" 581
"../../../../../../Users/Juan/Documents/Unreal Projects/PL_Game/Content/Shadowlightless/Sprites/Characters/Indiana/Run__005.uasset" 582
"../../../../../../Users/Juan/Documents/Unreal Projects/PL_Game/Content/Shadowlightless/Sprites/Characters/Indiana/Run__005_Sprite.uasset" 583
"../../../../../../Users/Juan/Documents/Unreal Projects/PL_Game/Content/Shadowlightless/Sprites/Characters/Indiana/Run__004.uasset" 584
"../../../../../../Users/Juan/Documents/Unreal Projects/PL_Game/Content/Shadowlightless/Sprites/Characters/Indiana/Run__004_Sprite.uasset" 585
"../../../../../../Users/Juan/Documents/Unreal Projects/PL_Game/Content/Shadowlightless/Sprites/Characters/Indiana/Run__003.uasset" 586
"../../../../../../Users/Juan/Documents/Unreal Projects/PL_Game/Content/Shadowlightless/Sprites/Characters/Indiana/Run__003_Sprite.uasset" 587
"../../../../../../Users/Juan/Documents/Unreal Projects/PL_Game/Content/Shadowlightless/Sprites/Characters/Indiana/Run__002.uasset" 588
"../../../../../../Users/Juan/Documents/Unreal Projects/PL_Game/Content/Shadowlightless/Sprites/Characters/Indiana/Run__002_Sprite.uasset" 589
"../../../../../../Users/Juan/Documents/Unreal Projects/PL_Game/Content/Shadowlightless/Sprites/Characters/Indiana/Run__001.uasset" 590
"../../../../../../Users/Juan/Documents/Unreal Projects/PL_Game/Content/Shadowlightless/Sprites/Characters/Indiana/Run__001_Sprite.uasset" 591
"../../../../../../Users/Juan/Documents/Unreal Projects/PL_Game/Content/Shadowlightless/Sprites/Characters/Indiana/Run__000.uasset" 592
"../../../../../../Users/Juan/Documents/Unreal Projects/PL_Game/Content/Shadowlightless/Sprites/Characters/Indiana/Run__000_Sprite.uasset" 593
"../../../../../../Users/Juan/Documents/Unreal Projects/PL_Game/Content/Shadowlightless/FlipBooks/Characters/Indiana/Indi_Run.uasset" 594
"../../../../../../Users/Juan/Documents/Unreal Projects/PL_Game/Content/Shadowlightless/Sprites/Characters/Indiana/Jump__009.uasset" 595
"../../../../../../Users/Juan/Documents/Unreal Projects/PL_Game/Content/Shadowlightless/Sprites/Characters/Indiana/Jump__009_Sprite.uasset" 596
"../../../../../../Users/Juan/Documents/Unreal Projects/PL_Game/Content/Shadowlightless/FlipBooks/Characters/Indiana/Indi_JumpLoop.uasset" 597
"../../../../../../Users/Juan/Documents/Unreal Projects/PL_Game/Content/Shadowlightless/Sprites/Characters/Indiana/Jump__008.uasset" 598
"../../../../../../Users/Juan/Documents/Unreal Projects/PL_Game/Content/Shadowlightless/Sprites/Characters/Indiana/Jump__008_Sprite.uasset" 599
"../../../../../../Users/Juan/Documents/Unreal Projects/PL_Game/Content/Shadowlightless/Sprites/Characters/Indiana/Jump__007.uasset" 600
"../../../../../../Users/Juan/Documents/Unreal Projects/PL_Game/Content/Shadowlightless/Sprites/Characters/Indiana/Jump__007_Sprite.uasset" 601
"../../../../../../Users/Juan/Documents/Unreal Projects/PL_Game/Content/Shadowlightless/Sprites/Characters/Indiana/Jump__006.uasset" 602
"../../../../../../Users/Juan/Documents/Unreal Projects/PL_Game/Content/Shadowlightless/Sprites/Characters/Indiana/Jump__006_Sprite.uasset" 603
"../../../../../../Users/Juan/Documents/Unreal Projects/PL_Game/Content/Shadowlightless/Sprites/Characters/Indiana/Jump__005.uasset" 604
"../../../../../../Users/Juan/Documents/Unreal Projects/PL_Game/Content/Shadowlightless/Sprites/Characters/Indiana/Jump__005_Sprite.uasset" 605
"../../../../../../Users/Juan/Documents/Unreal Projects/PL_Game/Content/Shadowlightless/Sprites/Characters/Indiana/Jump__004.uasset" 606
"../../../../../../Users/Juan/Documents/Unreal Projects/PL_Game/Content/Shadowlightless/Sprites/Characters/Indiana/Jump__004_Sprite.uasset" 607
"../../../../../../Users/Juan/Documents/Unreal Projects/PL_Game/Content/Shadowlightless/Sprites/Characters/Indiana/Jump__003.uasset" 608
"../../../../../../Users/Juan/Documents/Unreal Projects/PL_Game/Content/Shadowlightless/Sprites/Characters/Indiana/Jump__003_Sprite.uasset" 609
"../../../../../../Users/Juan/Documents/Unreal Projects/PL_Game/Content/Shadowlightless/Sprites/Characters/Indiana/Jump__002.uasset" 610
"../../../../../../Users/Juan/Documents/Unreal Projects/PL_Game/Content/Shadowlightless/Sprites/Characters/Indiana/Jump__002_Sprite.uasset" 611
"../../../../../../Users/Juan/Documents/Unreal Projects/PL_Game/Content/Shadowlightless/Sprites/Characters/Indiana/Jump__001.uasset" 612
"../../../../../../Users/Juan/Documents/Unreal Projects/PL_Game/Content/Shadowlightless/Sprites/Characters/Indiana/Jump__001_Sprite.uasset" 613
"../../../../../../Users/Juan/Documents/Unreal Projects/PL_Game/Content/Shadowlightless/Sprites/Characters/Indiana/Jump__000.uasset" 614
"../../../../../../Users/Juan/Documents/Unreal Projects/PL_Game/Content/Shadowlightless/Sprites/Characters/Indiana/Jump__000_Sprite.uasset" 615
"../../../../../../Users/Juan/Documents/Unreal Projects/PL_Game/Content/Shadowlightless/FlipBooks/Characters/Indiana/Indi_Jump.uasset" 616
"../../../../../../Users/Juan/Documents/Unreal Projects/PL_Game/Content/Shadowlightless/Sprites/Characters/Indiana/Idle__009.uasset" 617
"../../../../../../Users/Juan/Documents/Unreal Projects/PL_Game/Content/Shadowlightless/Sprites/Characters/Indiana/Idle__009_Sprite.uasset" 618
"../../../../../../Users/Juan/Documents/Unreal Projects/PL_Game/Content/Shadowlightless/Sprites/Characters/Indiana/Idle__008.uasset" 619
"../../../../../../Users/Juan/Documents/Unreal Projects/PL_Game/Content/Shadowlightless/Sprites/Characters/Indiana/Idle__008_Sprite.uasset" 620
"../../../../../../Users/Juan/Documents/Unreal Projects/PL_Game/Content/Shadowlightless/Sprites/Characters/Indiana/Idle__007.uasset" 621
"../../../../../../Users/Juan/Documents/Unreal Projects/PL_Game/Content/Shadowlightless/Sprites/Characters/Indiana/Idle__007_Sprite.uasset" 622
"../../../../../../Users/Juan/Documents/Unreal Projects/PL_Game/Content/Shadowlightless/Sprites/Characters/Indiana/Idle__006.uasset" 623
"../../../../../../Users/Juan/Documents/Unreal Projects/PL_Game/Content/Shadowlightless/Sprites/Characters/Indiana/Idle__006_Sprite.uasset" 624
"../../../../../../Users/Juan/Documents/Unreal Projects/PL_Game/Content/Shadowlightless/Sprites/Characters/Indiana/Idle__005.uasset" 625
"../../../../../../Users/Juan/Documents/Unreal Projects/PL_Game/Content/Shadowlightless/Sprites/Characters/Indiana/Idle__005_Sprite.uasset" 626
"../../../../../../Users/Juan/Documents/Unreal Projects/PL_Game/Content/Shadowlightless/Sprites/Characters/Indiana/Idle__004.uasset" 627
"../../../../../../Users/Juan/Documents/Unreal Projects/PL_Game/Content/Shadowlightless/Sprites/Characters/Indiana/Idle__004_Sprite.uasset" 628
"../../../../../../Users/Juan/Documents/Unreal Projects/PL_Game/Content/Shadowlightless/Sprites/Characters/Indiana/Idle__003.uasset" 629
"../../../../../../Users/Juan/Documents/Unreal Projects/PL_Game/Content/Shadowlightless/Sprites/Characters/Indiana/Idle__003_Sprite.uasset" 630
"../../../../../../Users/Juan/Documents/Unreal Projects/PL_Game/Content/Shadowlightless/Sprites/Characters/Indiana/Idle__002.uasset" 631
"../../../../../../Users/Juan/Documents/Unreal Projects/PL_Game/Content/Shadowlightless/Sprites/Characters/Indiana/Idle__002_Sprite.uasset" 632
"../../../../../../Users/Juan/Documents/Unreal Projects/PL_Game/Content/Shadowlightless/Sprites/Characters/Indiana/Idle__001.uasset" 633
"../../../../../../Users/Juan/Documents/Unreal Projects/PL_Game/Content/Shadowlightless/Sprites/Characters/Indiana/Idle__001_Sprite.uasset" 634
"../../../../../../Users/Juan/Documents/Unreal Projects/PL_Game/Content/Shadowlightless/Sprites/Characters/Indiana/Idle__000.uasset" 635
"../../../../../../Users/Juan/Documents/Unreal Projects/PL_Game/Content/Shadowlightless/Sprites/Characters/Indiana/Idle__000_Sprite.uasset" 636
"../../../../../../Users/Juan/Documents/Unreal Projects/PL_Game/Content/Shadowlightless/FlipBooks/Characters/Indiana/Indi_Idle.uasset" 637
"../../../../../../Users/Juan/Documents/Unreal Projects/PL_Game/Content/Shadowlightless/Sprites/Characters/Indiana/Dead__009.uasset" 638
"../../../../../../Users/Juan/Documents/Unreal Projects/PL_Game/Content/Shadowlightless/Sprites/Characters/Indiana/Dead__009_Sprite.uasset" 639
"../../../../../../Users/Juan/Documents/Unreal Projects/PL_Game/Content/Shadowlightless/FlipBooks/Characters/Indiana/Indi_DeadLoop.uasset" 640
"../../../../../../Users/Juan/Documents/Unreal Projects/PL_Game/Content/Shadowlightless/Sprites/Characters/Indiana/Dead__008.uasset" 641
"../../../../../../Users/Juan/Documents/Unreal Projects/PL_Game/Content/Shadowlightless/Sprites/Characters/Indiana/Dead__008_Sprite.uasset" 642
"../../../../../../Users/Juan/Documents/Unreal Projects/PL_Game/Content/Shadowlightless/Sprites/Characters/Indiana/Dead__007.uasset" 643
"../../../../../../Users/Juan/Documents/Unreal Projects/PL_Game/Content/Shadowlightless/Sprites/Characters/Indiana/Dead__007_Sprite.uasset" 644
"../../../../../../Users/Juan/Documents/Unreal Projects/PL_Game/Content/Shadowlightless/Sprites/Characters/Indiana/Dead__006.uasset" 645
"../../../../../../Users/Juan/Documents/Unreal Projects/PL_Game/Content/Shadowlightless/Sprites/Characters/Indiana/Dead__006_Sprite.uasset" 646
"../../../../../../Users/Juan/Documents/Unreal Projects/PL_Game/Content/Shadowlightless/Sprites/Characters/Indiana/Dead__005.uasset" 647
"../../../../../../Users/Juan/Documents/Unreal Projects/PL_Game/Content/Shadowlightless/Sprites/Characters/Indiana/Dead__005_Sprite.uasset" 648
"../../../../../../Users/Juan/Documents/Unreal Projects/PL_Game/Content/Shadowlightless/Sprites/Characters/Indiana/Dead__004.uasset" 649
"../../../../../../Users/Juan/Documents/Unreal Projects/PL_Game/Content/Shadowlightless/Sprites/Characters/Indiana/Dead__004_Sprite.uasset" 650
"../../../../../../Users/Juan/Documents/Unreal Projects/PL_Game/Content/Shadowlightless/Sprites/Characters/Indiana/Dead__003.uasset" 651
"../../../../../../Users/Juan/Documents/Unreal Projects/PL_Game/Content/Shadowlightless/Sprites/Characters/Indiana/Dead__003_Sprite.uasset" 652
"../../../../../../Users/Juan/Documents/Unreal Projects/PL_Game/Content/Shadowlightless/Sprites/Characters/Indiana/Dead__002.uasset" 653
"../../../../../../Users/Juan/Documents/Unreal Projects/PL_Game/Content/Shadowlightless/Sprites/Characters/Indiana/Dead__002_Sprite.uasset" 654
"../../../../../../Users/Juan/Documents/Unreal Projects/PL_Game/Content/Shadowlightless/Sprites/Characters/Indiana/Dead__001.uasset" 655
"../../../../../../Users/Juan/Documents/Unreal Projects/PL_Game/Content/Shadowlightless/Sprites/Characters/Indiana/Dead__001_Sprite.uasset" 656
"../../../../../../Users/Juan/Documents/Unreal Projects/PL_Game/Content/Shadowlightless/Sprites/Characters/Indiana/Dead__000.uasset" 657
"../../../../../../Users/Juan/Documents/Unreal Projects/PL_Game/Content/Shadowlightless/Sprites/Characters/Indiana/Dead__000_Sprite.uasset" 658
"../../../../../../Users/Juan/Documents/Unreal Projects/PL_Game/Content/Shadowlightless/FlipBooks/Characters/Indiana/Indi_Dead.uasset" 659
"../../../Engine/Content/EditorSounds/GamePreview/PossessPlayer.uasset" 660
"../../../Engine/Content/EditorSounds/GamePreview/PossessPlayer_Cue.uasset" 661
"../../../../../../Users/Juan/Documents/Unreal Projects/PL_Game/Content/Shadowlightless/BluePrints/Characters/Indiana/Indiana_BP.uasset" 662
"../../../../../../Users/Juan/Documents/Unreal Projects/PL_Game/Content/Shadowlightless/Maps/Level_00.umap" 663
"../../../../../../Users/Juan/Documents/Unreal Projects/PL_Game/Content/Shadowlightless/Widgets/ResolutionOptions.uasset" 664
"../../../../../../Users/Juan/Documents/Unreal Projects/PL_Game/Content/Shadowlightless/Widgets/Graphics.uasset" 665
"../../../../../../Users/Juan/Documents/Unreal Projects/PL_Game/Content/Shadowlightless/Widgets/Option.uasset" 666
"../../../../../../Users/Juan/Documents/Unreal Projects/PL_Game/Content/Shadowlightless/Widgets/MainMenu.uasset" 667
"../../../../../../Users/Juan/Documents/Unreal Projects/PL_Game/Content/Shadowlightless/Maps/MainMenu_BuiltData.uasset" 668
"../../../../../../Users/Juan/Documents/Unreal Projects/PL_Game/Content/Shadowlightless/Maps/MainMenu.umap" 669
"../../../Engine/Content/Maps/Entry_BuiltData.uasset" 670
"../../../Engine/Content/Maps/Entry.umap" 671
